<?xml version="1.0" encoding="UTF-8"?>
<!-- Generated by org.testng.reporters.JUnitXMLReporter -->
<testsuite hostname="DESKTOP-IC54V12" ignored="6" name="Default test" tests="1" failures="0" timestamp="2022-08-12T23:57:31 CDT" time="9.319" errors="0">
  <testcase name="createUserTest_gorestAPI" time="8.769" classname="com.qa.api.tests.PostCallAPITest"/>
  <testcase name="createUser_ReadJsonUsingJsonFileNoUpdate_gorest" time="0.0" classname="com.qa.api.tests.PostCallAPITest">
    <ignored/>
  </testcase> <!-- createUser_ReadJsonUsingJsonFileNoUpdate_gorest -->
  <testcase name="createUser_ReadJsonUsingJsonFileAndUpdate_gorest_Parameterized_WithoutJackson" time="0.0" classname="com.qa.api.tests.PostCallAPITest">
    <ignored/>
  </testcase> <!-- createUser_ReadJsonUsingJsonFileAndUpdate_gorest_Parameterized_WithoutJackson -->
  <testcase name="createUserTest_UsePOJO2_forJsonPayload" time="0.0" classname="com.qa.api.tests.PostCallAPITest">
    <ignored/>
  </testcase> <!-- createUserTest_UsePOJO2_forJsonPayload -->
  <testcase name="createUser_ReadJsonUsingJsonFile_gorest" time="0.0" classname="com.qa.api.tests.PostCallAPITest">
    <ignored/>
  </testcase> <!-- createUser_ReadJsonUsingJsonFile_gorest -->
  <testcase name="createNewBookings_restfulBooker_pojo" time="0.0" classname="com.qa.api.tests.PostCallAPITest">
    <ignored/>
  </testcase> <!-- createNewBookings_restfulBooker_pojo -->
  <testcase name="createUserTest_UsePOJO1_forJsonPayload" time="0.0" classname="com.qa.api.tests.PostCallAPITest">
    <ignored/>
  </testcase> <!-- createUserTest_UsePOJO1_forJsonPayload -->
</testsuite> <!-- Default test -->
