<?xml version="1.0" encoding="UTF-8"?>
<!-- Generated by org.testng.reporters.JUnitXMLReporter -->
<testsuite hostname="DESKTOP-IC54V12" ignored="7" name="Default test" tests="3" failures="0" timestamp="2022-03-16T08:52:13 CDT" time="45.292" errors="0">
  <testcase name="finologyLoginByEmail_InvalidEmail__EmailTest" time="4.703" classname="com.qa.tests.FinologyLoginTest"/>
  <testcase name="finologyLoginByEmail_InvalidEmail__EmailTest" time="5.009" classname="com.qa.tests.FinologyLoginTest"/>
  <testcase name="finologyLoginByEmail_InvalidEmail__EmailTest" time="5.488" classname="com.qa.tests.FinologyLoginTest"/>
  <testcase name="finologyLoginByEmail_InvalidPhone__EmailTest" time="0.0" classname="com.qa.tests.FinologyLoginTest">
    <ignored/>
  </testcase> <!-- finologyLoginByEmail_InvalidPhone__EmailTest -->
  <testcase name="finologyLoginByPhoneTest_InvalidPhoneNo" time="0.0" classname="com.qa.tests.FinologyLoginTest">
    <ignored/>
  </testcase> <!-- finologyLoginByPhoneTest_InvalidPhoneNo -->
  <testcase name="finologyLoginByEmail_EmailDuplicateTest" time="0.0" classname="com.qa.tests.FinologyLoginTest">
    <ignored/>
  </testcase> <!-- finologyLoginByEmail_EmailDuplicateTest -->
  <testcase name="finologyLoginByEmail_PhoneTest" time="0.0" classname="com.qa.tests.FinologyLoginTest">
    <ignored/>
  </testcase> <!-- finologyLoginByEmail_PhoneTest -->
  <testcase name="finologyLoginByPhoneTest" time="0.0" classname="com.qa.tests.FinologyLoginTest">
    <ignored/>
  </testcase> <!-- finologyLoginByPhoneTest -->
  <testcase name="finologyLoginByEmail_EmailTest" time="0.0" classname="com.qa.tests.FinologyLoginTest">
    <ignored/>
  </testcase> <!-- finologyLoginByEmail_EmailTest -->
  <testcase name="finologyLoginByPhoneTest_InvalidPassword" time="0.0" classname="com.qa.tests.FinologyLoginTest">
    <ignored/>
  </testcase> <!-- finologyLoginByPhoneTest_InvalidPassword -->
</testsuite> <!-- Default test -->
