<?xml version="1.0" encoding="UTF-8"?>
<!-- Generated by org.testng.reporters.JUnitXMLReporter -->
<testsuite hostname="DESKTOP-IC54V12" ignored="13" name="App2Test" tests="9" failures="0" timestamp="2022-03-23T11:56:00 CDT" time="159.21" errors="0">
  <testcase name="tickerProduct_validateTickerLogo" time="2.198" classname="com.qa.tests.FinologyTickerTest"/>
  <testcase name="tickerProduct_getHighestPrice_Sector" time="18.703" classname="com.qa.tests.FinologyTickerTest"/>
  <testcase name="tickerProduct_getPriceForListedCompanies_Sector_Parameterized" time="17.734" classname="com.qa.tests.FinologyTickerTest"/>
  <testcase name="SelectProduct_validateBrokersCount" time="7.747" classname="com.qa.tests.FinologySelectTest"/>
  <testcase name="SelectProduct_validateSelectLogo" time="3.442" classname="com.qa.tests.FinologySelectTest"/>
  <testcase name="validateBrokerageRateAndAmount_Calculators" time="9.554" classname="com.qa.tests.FinologySelectTest"/>
  <testcase name="validateBrokerageRateAndAmount_Calculators" time="9.479" classname="com.qa.tests.FinologySelectTest"/>
  <testcase name="validateBrokerageRateAndAmount_Calculators" time="9.482" classname="com.qa.tests.FinologySelectTest"/>
  <testcase name="validateBrokerageRateAndAmount_Calculators" time="9.677" classname="com.qa.tests.FinologySelectTest"/>
  <testcase name="SelectProduct_validateBrokerageRateAndAmount_Calculators_Approach2ForLaunchCalculator_bkp" time="0.0" classname="com.qa.tests.FinologySelectTest">
    <ignored/>
  </testcase> <!-- SelectProduct_validateBrokerageRateAndAmount_Calculators_Approach2ForLaunchCalculator_bkp -->
  <testcase name="SelectProduct_validateBrokerNameAndTypeMethod1" time="0.0" classname="com.qa.tests.FinologySelectTest">
    <ignored/>
  </testcase> <!-- SelectProduct_validateBrokerNameAndTypeMethod1 -->
  <testcase name="tickerProduct_validateSearchStock" time="0.0" classname="com.qa.tests.FinologyTickerTest">
    <ignored/>
  </testcase> <!-- tickerProduct_validateSearchStock -->
  <testcase name="SelectProduct_validateBrokerNameAndTypeMethod2" time="0.0" classname="com.qa.tests.FinologySelectTest">
    <ignored/>
  </testcase> <!-- SelectProduct_validateBrokerNameAndTypeMethod2 -->
  <testcase name="SelectProduct_validateBrokersList" time="0.0" classname="com.qa.tests.FinologySelectTest">
    <ignored/>
  </testcase> <!-- SelectProduct_validateBrokersList -->
  <testcase name="tickerProduct_validateMktCapOfValueStock_Scrrener" time="0.0" classname="com.qa.tests.FinologyTickerTest">
    <ignored/>
  </testcase> <!-- tickerProduct_validateMktCapOfValueStock_Scrrener -->
  <testcase name="tickerProduct_validateTickerLogo_bkp" time="0.0" classname="com.qa.tests.FinologyTickerTest">
    <ignored/>
  </testcase> <!-- tickerProduct_validateTickerLogo_bkp -->
  <testcase name="SelectProduct_validateLaunchCalculator_Calculators_Approach1" time="0.0" classname="com.qa.tests.FinologySelectTest">
    <ignored/>
  </testcase> <!-- SelectProduct_validateLaunchCalculator_Calculators_Approach1 -->
  <testcase name="tickerProduct_ListedCompaniesCountForSector_Parameterized" time="0.0" classname="com.qa.tests.FinologyTickerTest">
    <ignored/>
  </testcase> <!-- tickerProduct_ListedCompaniesCountForSector_Parameterized -->
  <testcase name="tickerProduct_validateSuggestionCount" time="0.0" classname="com.qa.tests.FinologyTickerTest">
    <ignored/>
  </testcase> <!-- tickerProduct_validateSuggestionCount -->
  <testcase name="tickerProduct_AllListedCompaniesForSector_Parameterized" time="0.0" classname="com.qa.tests.FinologyTickerTest">
    <ignored/>
  </testcase> <!-- tickerProduct_AllListedCompaniesForSector_Parameterized -->
  <testcase name="tickerProduct_ListedCompaniesCountForSector" time="0.0" classname="com.qa.tests.FinologyTickerTest">
    <ignored/>
  </testcase> <!-- tickerProduct_ListedCompaniesCountForSector -->
  <testcase name="tickerProduct_validatePresenseofSearchStock" time="0.0" classname="com.qa.tests.FinologyTickerTest">
    <ignored/>
  </testcase> <!-- tickerProduct_validatePresenseofSearchStock -->
</testsuite> <!-- App2Test -->
