<?xml version="1.0" encoding="UTF-8"?>
<testng-results skipped="0" failed="2" ignored="20" retried="2" total="40" passed="16">
  <reporter-output>
    <line>
      <![CDATA[This Test is to validate ticker App url which is a new window]]>
    </line>
    <line>
      <![CDATA[Fail - Finology Url is NOT as expected]]>
    </line>
    <line>
      <![CDATA[This Test is to validate ticker App url which is a new window]]>
    </line>
    <line>
      <![CDATA[Fail - Finology Url is NOT as expected]]>
    </line>
    <line>
      <![CDATA[This isiteration1of this test]]>
    </line>
    <line>
      <![CDATA[This isiteration2of this test]]>
    </line>
    <line>
      <![CDATA[This isiteration1of this test]]>
    </line>
    <line>
      <![CDATA[This isiteration1of this test]]>
    </line>
    <line>
      <![CDATA[This isiteration2of this test]]>
    </line>
    <line>
      <![CDATA[This isiteration1of this test]]>
    </line>
  </reporter-output>
  <suite name="TestSuite" duration-ms="0" started-at="2022-03-15T23:54:01 CDT" finished-at="2022-03-15T23:54:01 CDT">
    <groups>
    </groups>
  </suite> <!-- TestSuite -->
  <suite name="TestSuite2" duration-ms="227129" started-at="2022-03-15T23:50:14 CDT" finished-at="2022-03-15T23:54:01 CDT">
    <groups>
      <group name="regression">
        <method signature="FinologySelectTest.SelectProduct_validateSelectLogo()[pri:1, instance:com.qa.tests.FinologySelectTest@5be6e01c]" name="SelectProduct_validateSelectLogo" class="com.qa.tests.FinologySelectTest"/>
        <method signature="FinologySelectTest.validateBrokerageRateAndAmount_Calculators(java.lang.String, java.lang.String, java.lang.String, java.lang.String)[pri:2, instance:com.qa.tests.FinologySelectTest@5be6e01c]" name="validateBrokerageRateAndAmount_Calculators" class="com.qa.tests.FinologySelectTest"/>
        <method signature="FinologyTickerTest.tickerProduct_getHighestPrice_Sector()[pri:2, instance:com.qa.tests.FinologyTickerTest@7880cdf3]" name="tickerProduct_getHighestPrice_Sector" class="com.qa.tests.FinologyTickerTest"/>
        <method signature="FinologyTickerTest.tickerProduct_getPriceForListedCompanies_Sector_Parameterized()[pri:3, instance:com.qa.tests.FinologyTickerTest@7880cdf3]" name="tickerProduct_getPriceForListedCompanies_Sector_Parameterized" class="com.qa.tests.FinologyTickerTest"/>
        <method signature="FinologyTickerTest.tickerProduct_validateTickerLogo()[pri:1, instance:com.qa.tests.FinologyTickerTest@7880cdf3]" name="tickerProduct_validateTickerLogo" class="com.qa.tests.FinologyTickerTest"/>
      </group> <!-- regression -->
      <group name="sanity">
        <method signature="FinologySelectTest.SelectProduct_validateSelectLogo()[pri:1, instance:com.qa.tests.FinologySelectTest@5be6e01c]" name="SelectProduct_validateSelectLogo" class="com.qa.tests.FinologySelectTest"/>
        <method signature="FinologyTickerTest.tickerProduct_validateTickerLogo()[pri:1, instance:com.qa.tests.FinologyTickerTest@7880cdf3]" name="tickerProduct_validateTickerLogo" class="com.qa.tests.FinologyTickerTest"/>
      </group> <!-- sanity -->
    </groups>
    <test name="App2Test" duration-ms="227129" started-at="2022-03-15T23:50:14 CDT" finished-at="2022-03-15T23:54:01 CDT">
      <class name="com.qa.tests.FinologyTickerTest">
        <test-method status="PASS" signature="setUp()[pri:0, instance:com.qa.tests.FinologyTickerTest@7880cdf3]" name="setUp" is-config="true" duration-ms="6716" started-at="2022-03-15T23:50:14 CDT" finished-at="2022-03-15T23:50:21 CDT">
          <reporter-output>
          </reporter-output>
        </test-method> <!-- setUp -->
        <test-method status="PASS" signature="tickerProduct_validateTickerLogo()[pri:1, instance:com.qa.tests.FinologyTickerTest@7880cdf3]" name="tickerProduct_validateTickerLogo" duration-ms="6242" started-at="2022-03-15T23:50:21 CDT" finished-at="2022-03-15T23:50:27 CDT">
          <reporter-output>
          </reporter-output>
        </test-method> <!-- tickerProduct_validateTickerLogo -->
        <test-method status="PASS" signature="tearDown()[pri:0, instance:com.qa.tests.FinologyTickerTest@7880cdf3]" name="tearDown" is-config="true" duration-ms="4124" started-at="2022-03-15T23:50:27 CDT" finished-at="2022-03-15T23:50:31 CDT">
          <reporter-output>
          </reporter-output>
        </test-method> <!-- tearDown -->
        <test-method status="PASS" signature="setUp()[pri:0, instance:com.qa.tests.FinologyTickerTest@7880cdf3]" name="setUp" is-config="true" duration-ms="6074" started-at="2022-03-15T23:50:31 CDT" finished-at="2022-03-15T23:50:37 CDT">
          <reporter-output>
          </reporter-output>
        </test-method> <!-- setUp -->
        <test-method status="PASS" signature="tickerProduct_getHighestPrice_Sector()[pri:2, instance:com.qa.tests.FinologyTickerTest@7880cdf3]" name="tickerProduct_getHighestPrice_Sector" duration-ms="22870" started-at="2022-03-15T23:50:37 CDT" finished-at="2022-03-15T23:51:00 CDT">
          <reporter-output>
          </reporter-output>
        </test-method> <!-- tickerProduct_getHighestPrice_Sector -->
        <test-method status="PASS" signature="tearDown()[pri:0, instance:com.qa.tests.FinologyTickerTest@7880cdf3]" name="tearDown" is-config="true" duration-ms="4124" started-at="2022-03-15T23:51:00 CDT" finished-at="2022-03-15T23:51:04 CDT">
          <reporter-output>
          </reporter-output>
        </test-method> <!-- tearDown -->
        <test-method status="PASS" signature="setUp()[pri:0, instance:com.qa.tests.FinologyTickerTest@7880cdf3]" name="setUp" is-config="true" duration-ms="7432" started-at="2022-03-15T23:51:04 CDT" finished-at="2022-03-15T23:51:12 CDT">
          <reporter-output>
          </reporter-output>
        </test-method> <!-- setUp -->
        <test-method status="PASS" signature="tickerProduct_getPriceForListedCompanies_Sector_Parameterized()[pri:3, instance:com.qa.tests.FinologyTickerTest@7880cdf3]" name="tickerProduct_getPriceForListedCompanies_Sector_Parameterized" duration-ms="22755" started-at="2022-03-15T23:51:12 CDT" finished-at="2022-03-15T23:51:34 CDT">
          <reporter-output>
          </reporter-output>
        </test-method> <!-- tickerProduct_getPriceForListedCompanies_Sector_Parameterized -->
        <test-method status="PASS" signature="tearDown()[pri:0, instance:com.qa.tests.FinologyTickerTest@7880cdf3]" name="tearDown" is-config="true" duration-ms="4127" started-at="2022-03-15T23:51:34 CDT" finished-at="2022-03-15T23:51:38 CDT">
          <reporter-output>
          </reporter-output>
        </test-method> <!-- tearDown -->
      </class> <!-- com.qa.tests.FinologyTickerTest -->
      <class name="com.qa.tests.FinologySelectTest">
        <test-method status="PASS" signature="setUp()[pri:0, instance:com.qa.tests.FinologySelectTest@5be6e01c]" name="setUp" is-config="true" duration-ms="6725" started-at="2022-03-15T23:51:38 CDT" finished-at="2022-03-15T23:51:45 CDT">
          <reporter-output>
          </reporter-output>
        </test-method> <!-- setUp -->
        <test-method status="PASS" signature="SelectProduct_validateBrokersCount()[pri:0, instance:com.qa.tests.FinologySelectTest@5be6e01c]" name="SelectProduct_validateBrokersCount" duration-ms="10755" started-at="2022-03-15T23:51:45 CDT" finished-at="2022-03-15T23:51:56 CDT">
          <reporter-output>
          </reporter-output>
        </test-method> <!-- SelectProduct_validateBrokersCount -->
        <test-method status="PASS" signature="tearDown()[pri:0, instance:com.qa.tests.FinologySelectTest@5be6e01c]" name="tearDown" is-config="true" duration-ms="4119" started-at="2022-03-15T23:51:56 CDT" finished-at="2022-03-15T23:52:00 CDT">
          <reporter-output>
          </reporter-output>
        </test-method> <!-- tearDown -->
        <test-method status="PASS" signature="setUp()[pri:0, instance:com.qa.tests.FinologySelectTest@5be6e01c]" name="setUp" is-config="true" duration-ms="5756" started-at="2022-03-15T23:52:00 CDT" finished-at="2022-03-15T23:52:06 CDT">
          <reporter-output>
          </reporter-output>
        </test-method> <!-- setUp -->
        <test-method status="PASS" signature="SelectProduct_validateSelectLogo()[pri:1, instance:com.qa.tests.FinologySelectTest@5be6e01c]" name="SelectProduct_validateSelectLogo" duration-ms="7101" started-at="2022-03-15T23:52:06 CDT" finished-at="2022-03-15T23:52:13 CDT">
          <reporter-output>
          </reporter-output>
        </test-method> <!-- SelectProduct_validateSelectLogo -->
        <test-method status="PASS" signature="tearDown()[pri:0, instance:com.qa.tests.FinologySelectTest@5be6e01c]" name="tearDown" is-config="true" duration-ms="4135" started-at="2022-03-15T23:52:13 CDT" finished-at="2022-03-15T23:52:17 CDT">
          <reporter-output>
          </reporter-output>
        </test-method> <!-- tearDown -->
        <test-method status="PASS" signature="setUp()[pri:0, instance:com.qa.tests.FinologySelectTest@5be6e01c]" name="setUp" is-config="true" duration-ms="7529" started-at="2022-03-15T23:52:18 CDT" finished-at="2022-03-15T23:52:25 CDT">
          <reporter-output>
          </reporter-output>
        </test-method> <!-- setUp -->
        <test-method status="PASS" signature="validateBrokerageRateAndAmount_Calculators(java.lang.String, java.lang.String, java.lang.String, java.lang.String)[pri:2, instance:com.qa.tests.FinologySelectTest@5be6e01c]" name="validateBrokerageRateAndAmount_Calculators" duration-ms="14977" started-at="2022-03-15T23:52:25 CDT" data-provider="Calculator_ICICI" finished-at="2022-03-15T23:52:40 CDT">
          <params>
            <param index="0">
              <value>
                <![CDATA[ICICIDirect Neo]]>
              </value>
            </param>
            <param index="1">
              <value>
                <![CDATA[150]]>
              </value>
            </param>
            <param index="2">
              <value>
                <![CDATA[12]]>
              </value>
            </param>
            <param index="3">
              <value>
                <![CDATA[0.55]]>
              </value>
            </param>
          </params>
          <reporter-output>
          </reporter-output>
        </test-method> <!-- validateBrokerageRateAndAmount_Calculators -->
        <test-method status="PASS" signature="tearDown()[pri:0, instance:com.qa.tests.FinologySelectTest@5be6e01c]" name="tearDown" is-config="true" duration-ms="4126" started-at="2022-03-15T23:52:40 CDT" finished-at="2022-03-15T23:52:44 CDT">
          <reporter-output>
          </reporter-output>
        </test-method> <!-- tearDown -->
        <test-method status="PASS" signature="setUp()[pri:0, instance:com.qa.tests.FinologySelectTest@5be6e01c]" name="setUp" is-config="true" duration-ms="7729" started-at="2022-03-15T23:52:44 CDT" finished-at="2022-03-15T23:52:52 CDT">
          <reporter-output>
          </reporter-output>
        </test-method> <!-- setUp -->
        <test-method status="PASS" signature="validateBrokerageRateAndAmount_Calculators(java.lang.String, java.lang.String, java.lang.String, java.lang.String)[pri:2, instance:com.qa.tests.FinologySelectTest@5be6e01c]" name="validateBrokerageRateAndAmount_Calculators" duration-ms="14913" started-at="2022-03-15T23:52:52 CDT" data-provider="Calculator_ICICI" finished-at="2022-03-15T23:53:07 CDT">
          <params>
            <param index="0">
              <value>
                <![CDATA[Prime 1]]>
              </value>
            </param>
            <param index="1">
              <value>
                <![CDATA[250]]>
              </value>
            </param>
            <param index="2">
              <value>
                <![CDATA[200]]>
              </value>
            </param>
            <param index="3">
              <value>
                <![CDATA[0.27]]>
              </value>
            </param>
          </params>
          <reporter-output>
          </reporter-output>
        </test-method> <!-- validateBrokerageRateAndAmount_Calculators -->
        <test-method status="PASS" signature="tearDown()[pri:0, instance:com.qa.tests.FinologySelectTest@5be6e01c]" name="tearDown" is-config="true" duration-ms="4123" started-at="2022-03-15T23:53:07 CDT" finished-at="2022-03-15T23:53:11 CDT">
          <reporter-output>
          </reporter-output>
        </test-method> <!-- tearDown -->
        <test-method status="PASS" signature="setUp()[pri:0, instance:com.qa.tests.FinologySelectTest@5be6e01c]" name="setUp" is-config="true" duration-ms="6501" started-at="2022-03-15T23:53:11 CDT" finished-at="2022-03-15T23:53:17 CDT">
          <reporter-output>
          </reporter-output>
        </test-method> <!-- setUp -->
        <test-method status="PASS" signature="validateBrokerageRateAndAmount_Calculators(java.lang.String, java.lang.String, java.lang.String, java.lang.String)[pri:2, instance:com.qa.tests.FinologySelectTest@5be6e01c]" name="validateBrokerageRateAndAmount_Calculators" duration-ms="14261" started-at="2022-03-15T23:53:17 CDT" data-provider="Calculator_ICICI" finished-at="2022-03-15T23:53:32 CDT">
          <params>
            <param index="0">
              <value>
                <![CDATA[Prepaid]]>
              </value>
            </param>
            <param index="1">
              <value>
                <![CDATA[300]]>
              </value>
            </param>
            <param index="2">
              <value>
                <![CDATA[220]]>
              </value>
            </param>
            <param index="3">
              <value>
                <![CDATA[0.25]]>
              </value>
            </param>
          </params>
          <reporter-output>
          </reporter-output>
        </test-method> <!-- validateBrokerageRateAndAmount_Calculators -->
        <test-method status="PASS" signature="tearDown()[pri:0, instance:com.qa.tests.FinologySelectTest@5be6e01c]" name="tearDown" is-config="true" duration-ms="4126" started-at="2022-03-15T23:53:32 CDT" finished-at="2022-03-15T23:53:36 CDT">
          <reporter-output>
          </reporter-output>
        </test-method> <!-- tearDown -->
        <test-method status="PASS" signature="setUp()[pri:0, instance:com.qa.tests.FinologySelectTest@5be6e01c]" name="setUp" is-config="true" duration-ms="5745" started-at="2022-03-15T23:53:36 CDT" finished-at="2022-03-15T23:53:42 CDT">
          <reporter-output>
          </reporter-output>
        </test-method> <!-- setUp -->
        <test-method status="PASS" signature="validateBrokerageRateAndAmount_Calculators(java.lang.String, java.lang.String, java.lang.String, java.lang.String)[pri:2, instance:com.qa.tests.FinologySelectTest@5be6e01c]" name="validateBrokerageRateAndAmount_Calculators" duration-ms="15427" started-at="2022-03-15T23:53:42 CDT" data-provider="Calculator_ICICI" finished-at="2022-03-15T23:53:57 CDT">
          <params>
            <param index="0">
              <value>
                <![CDATA[Prime 4]]>
              </value>
            </param>
            <param index="1">
              <value>
                <![CDATA[120]]>
              </value>
            </param>
            <param index="2">
              <value>
                <![CDATA[300]]>
              </value>
            </param>
            <param index="3">
              <value>
                <![CDATA[0.15]]>
              </value>
            </param>
          </params>
          <reporter-output>
          </reporter-output>
        </test-method> <!-- validateBrokerageRateAndAmount_Calculators -->
        <test-method status="PASS" signature="tearDown()[pri:0, instance:com.qa.tests.FinologySelectTest@5be6e01c]" name="tearDown" is-config="true" duration-ms="4139" started-at="2022-03-15T23:53:57 CDT" finished-at="2022-03-15T23:54:01 CDT">
          <reporter-output>
          </reporter-output>
        </test-method> <!-- tearDown -->
      </class> <!-- com.qa.tests.FinologySelectTest -->
    </test> <!-- App2Test -->
  </suite> <!-- TestSuite2 -->
  <suite name="TestSuite1" duration-ms="254929" started-at="2022-03-15T23:45:59 CDT" finished-at="2022-03-15T23:50:14 CDT">
    <groups>
      <group name="regression">
        <method signature="FinologyHomeTest.selectProduct_validateSelectUrl()[pri:2, instance:com.qa.tests.FinologyHomeTest@4313f5bc]" name="selectProduct_validateSelectUrl" class="com.qa.tests.FinologyHomeTest"/>
      </group> <!-- regression -->
      <group name="regresiion">
        <method signature="FinologyLoginTest.finologyLoginByPhoneTest(java.lang.String, java.lang.String)[pri:1, instance:com.qa.tests.FinologyLoginTest@7f010382]" name="finologyLoginByPhoneTest" class="com.qa.tests.FinologyLoginTest"/>
      </group> <!-- regresiion -->
      <group name="sanity">
        <method signature="FinologyHomeTest.selectProduct_validateSelectUrl()[pri:2, instance:com.qa.tests.FinologyHomeTest@4313f5bc]" name="selectProduct_validateSelectUrl" class="com.qa.tests.FinologyHomeTest"/>
        <method signature="FinologyHomeTest.tickerProduct_validateTickerUrl()[pri:1, instance:com.qa.tests.FinologyHomeTest@4313f5bc]" name="tickerProduct_validateTickerUrl" class="com.qa.tests.FinologyHomeTest"/>
        <method signature="FinologyLoginTest.finologyLoginByEmail_EmailDuplicateTest(java.lang.String, java.lang.String, java.lang.String)[pri:2, instance:com.qa.tests.FinologyLoginTest@7f010382]" name="finologyLoginByEmail_EmailDuplicateTest" class="com.qa.tests.FinologyLoginTest"/>
        <method signature="FinologyLoginTest.finologyLoginByEmail_EmailTest(java.lang.String, java.lang.String, java.lang.String)[pri:2, instance:com.qa.tests.FinologyLoginTest@7f010382]" name="finologyLoginByEmail_EmailTest" class="com.qa.tests.FinologyLoginTest"/>
        <method signature="FinologyLoginTest.finologyLoginByPhoneTest(java.lang.String, java.lang.String)[pri:1, instance:com.qa.tests.FinologyLoginTest@7f010382]" name="finologyLoginByPhoneTest" class="com.qa.tests.FinologyLoginTest"/>
      </group> <!-- sanity -->
      <group name="mandatory">
        <method signature="FinologyHomeTest.tickerProduct_validateTickerUrl()[pri:1, instance:com.qa.tests.FinologyHomeTest@4313f5bc]" name="tickerProduct_validateTickerUrl" class="com.qa.tests.FinologyHomeTest"/>
        <method signature="FinologyLoginTest.finologyLoginByEmail_EmailDuplicateTest(java.lang.String, java.lang.String, java.lang.String)[pri:2, instance:com.qa.tests.FinologyLoginTest@7f010382]" name="finologyLoginByEmail_EmailDuplicateTest" class="com.qa.tests.FinologyLoginTest"/>
        <method signature="FinologyLoginTest.finologyLoginByEmail_EmailTest(java.lang.String, java.lang.String, java.lang.String)[pri:2, instance:com.qa.tests.FinologyLoginTest@7f010382]" name="finologyLoginByEmail_EmailTest" class="com.qa.tests.FinologyLoginTest"/>
        <method signature="FinologyLoginTest.finologyLoginByPhoneTest(java.lang.String, java.lang.String)[pri:1, instance:com.qa.tests.FinologyLoginTest@7f010382]" name="finologyLoginByPhoneTest" class="com.qa.tests.FinologyLoginTest"/>
      </group> <!-- mandatory -->
    </groups>
    <test name="App1Test" duration-ms="254929" started-at="2022-03-15T23:45:59 CDT" finished-at="2022-03-15T23:50:14 CDT">
      <class name="com.qa.tests.FinologyHomeTest">
        <test-method status="PASS" signature="setUp()[pri:0, instance:com.qa.tests.FinologyHomeTest@4313f5bc]" name="setUp" is-config="true" duration-ms="12712" started-at="2022-03-15T23:45:59 CDT" finished-at="2022-03-15T23:46:12 CDT">
          <reporter-output>
          </reporter-output>
        </test-method> <!-- setUp -->
        <test-method status="SKIP" signature="tickerProduct_validateTickerUrl()[pri:1, instance:com.qa.tests.FinologyHomeTest@4313f5bc]" name="tickerProduct_validateTickerUrl" duration-ms="6834" retried="true" started-at="2022-03-15T23:46:12 CDT" description="This test is to validate Ticker App url" finished-at="2022-03-15T23:46:18 CDT">
          <exception class="java.lang.AssertionError">
            <message>
              <![CDATA[The following asserts failed:
Finology url is not as expected:  expected [https://www.finology.in/] but found [https://www.finology.india/]]]>
            </message>
            <full-stacktrace>
              <![CDATA[java.lang.AssertionError: The following asserts failed:
Finology url is not as expected:  expected [https://www.finology.in/] but found [https://www.finology.india/]
at org.testng.asserts.SoftAssert.assertAll(SoftAssert.java:47)
at org.testng.asserts.SoftAssert.assertAll(SoftAssert.java:31)
at com.qa.tests.FinologyHomeTest.tickerProduct_validateTickerUrl(FinologyHomeTest.java:114)
at sun.reflect.NativeMethodAccessorImpl.invoke0(Native Method)
at sun.reflect.NativeMethodAccessorImpl.invoke(NativeMethodAccessorImpl.java:62)
at sun.reflect.DelegatingMethodAccessorImpl.invoke(DelegatingMethodAccessorImpl.java:43)
at java.lang.reflect.Method.invoke(Method.java:498)
at org.testng.internal.MethodInvocationHelper.invokeMethod(MethodInvocationHelper.java:133)
at org.testng.internal.TestInvoker.invokeMethod(TestInvoker.java:584)
at org.testng.internal.TestInvoker.invokeTestMethod(TestInvoker.java:172)
at org.testng.internal.MethodRunner.runInSequence(MethodRunner.java:46)
at org.testng.internal.TestInvoker$MethodInvocationAgent.invoke(TestInvoker.java:804)
at org.testng.internal.TestInvoker.invokeTestMethods(TestInvoker.java:145)
at org.testng.internal.TestMethodWorker.invokeTestMethods(TestMethodWorker.java:146)
at org.testng.internal.TestMethodWorker.run(TestMethodWorker.java:128)
at java.util.ArrayList.forEach(ArrayList.java:1257)
at org.testng.TestRunner.privateRun(TestRunner.java:770)
at org.testng.TestRunner.run(TestRunner.java:591)
at org.testng.SuiteRunner.runTest(SuiteRunner.java:402)
at org.testng.SuiteRunner.runSequentially(SuiteRunner.java:396)
at org.testng.SuiteRunner.privateRun(SuiteRunner.java:355)
at org.testng.SuiteRunner.run(SuiteRunner.java:304)
at org.testng.SuiteRunnerWorker.runSuite(SuiteRunnerWorker.java:53)
at org.testng.SuiteRunnerWorker.run(SuiteRunnerWorker.java:96)
at org.testng.TestNG.runSuitesSequentially(TestNG.java:1180)
at org.testng.TestNG.runSuitesSequentially(TestNG.java:1175)
at org.testng.TestNG.runSuitesLocally(TestNG.java:1102)
at org.testng.TestNG.runSuites(TestNG.java:1032)
at org.testng.TestNG.run(TestNG.java:1000)
at org.apache.maven.surefire.testng.TestNGExecutor.run(TestNGExecutor.java:283)
at org.apache.maven.surefire.testng.TestNGXmlTestSuite.execute(TestNGXmlTestSuite.java:75)
at org.apache.maven.surefire.testng.TestNGProvider.invoke(TestNGProvider.java:120)
at org.apache.maven.surefire.booter.ForkedBooter.invokeProviderInSameClassLoader(ForkedBooter.java:384)
at org.apache.maven.surefire.booter.ForkedBooter.runSuitesInProcess(ForkedBooter.java:345)
at org.apache.maven.surefire.booter.ForkedBooter.execute(ForkedBooter.java:126)
at org.apache.maven.surefire.booter.ForkedBooter.main(ForkedBooter.java:418)
]]>
            </full-stacktrace>
          </exception> <!-- java.lang.AssertionError -->
          <reporter-output>
            <line>
              <![CDATA[This Test is to validate ticker App url which is a new window]]>
            </line>
            <line>
              <![CDATA[Fail - Finology Url is NOT as expected]]>
            </line>
          </reporter-output>
        </test-method> <!-- tickerProduct_validateTickerUrl -->
        <test-method status="PASS" signature="tearDown()[pri:0, instance:com.qa.tests.FinologyHomeTest@4313f5bc]" name="tearDown" is-config="true" duration-ms="4127" started-at="2022-03-15T23:46:19 CDT" finished-at="2022-03-15T23:46:23 CDT">
          <reporter-output>
          </reporter-output>
        </test-method> <!-- tearDown -->
        <test-method status="PASS" signature="setUp()[pri:0, instance:com.qa.tests.FinologyHomeTest@4313f5bc]" name="setUp" is-config="true" duration-ms="8607" started-at="2022-03-15T23:46:23 CDT" finished-at="2022-03-15T23:46:31 CDT">
          <reporter-output>
          </reporter-output>
        </test-method> <!-- setUp -->
        <test-method status="FAIL" signature="tickerProduct_validateTickerUrl()[pri:1, instance:com.qa.tests.FinologyHomeTest@4313f5bc]" name="tickerProduct_validateTickerUrl" duration-ms="6274" started-at="2022-03-15T23:46:31 CDT" description="This test is to validate Ticker App url" finished-at="2022-03-15T23:46:38 CDT">
          <exception class="java.lang.AssertionError">
            <message>
              <![CDATA[The following asserts failed:
Finology url is not as expected:  expected [https://www.finology.in/] but found [https://www.finology.india/]]]>
            </message>
            <full-stacktrace>
              <![CDATA[java.lang.AssertionError: The following asserts failed:
Finology url is not as expected:  expected [https://www.finology.in/] but found [https://www.finology.india/]
at org.testng.asserts.SoftAssert.assertAll(SoftAssert.java:47)
at org.testng.asserts.SoftAssert.assertAll(SoftAssert.java:31)
at com.qa.tests.FinologyHomeTest.tickerProduct_validateTickerUrl(FinologyHomeTest.java:114)
at sun.reflect.NativeMethodAccessorImpl.invoke0(Native Method)
at sun.reflect.NativeMethodAccessorImpl.invoke(NativeMethodAccessorImpl.java:62)
at sun.reflect.DelegatingMethodAccessorImpl.invoke(DelegatingMethodAccessorImpl.java:43)
at java.lang.reflect.Method.invoke(Method.java:498)
at org.testng.internal.MethodInvocationHelper.invokeMethod(MethodInvocationHelper.java:133)
at org.testng.internal.TestInvoker.invokeMethod(TestInvoker.java:584)
at org.testng.internal.TestInvoker.retryFailed(TestInvoker.java:204)
at org.testng.internal.MethodRunner.runInSequence(MethodRunner.java:58)
at org.testng.internal.TestInvoker$MethodInvocationAgent.invoke(TestInvoker.java:804)
at org.testng.internal.TestInvoker.invokeTestMethods(TestInvoker.java:145)
at org.testng.internal.TestMethodWorker.invokeTestMethods(TestMethodWorker.java:146)
at org.testng.internal.TestMethodWorker.run(TestMethodWorker.java:128)
at java.util.ArrayList.forEach(ArrayList.java:1257)
at org.testng.TestRunner.privateRun(TestRunner.java:770)
at org.testng.TestRunner.run(TestRunner.java:591)
at org.testng.SuiteRunner.runTest(SuiteRunner.java:402)
at org.testng.SuiteRunner.runSequentially(SuiteRunner.java:396)
at org.testng.SuiteRunner.privateRun(SuiteRunner.java:355)
at org.testng.SuiteRunner.run(SuiteRunner.java:304)
at org.testng.SuiteRunnerWorker.runSuite(SuiteRunnerWorker.java:53)
at org.testng.SuiteRunnerWorker.run(SuiteRunnerWorker.java:96)
at org.testng.TestNG.runSuitesSequentially(TestNG.java:1180)
at org.testng.TestNG.runSuitesSequentially(TestNG.java:1175)
at org.testng.TestNG.runSuitesLocally(TestNG.java:1102)
at org.testng.TestNG.runSuites(TestNG.java:1032)
at org.testng.TestNG.run(TestNG.java:1000)
at org.apache.maven.surefire.testng.TestNGExecutor.run(TestNGExecutor.java:283)
at org.apache.maven.surefire.testng.TestNGXmlTestSuite.execute(TestNGXmlTestSuite.java:75)
at org.apache.maven.surefire.testng.TestNGProvider.invoke(TestNGProvider.java:120)
at org.apache.maven.surefire.booter.ForkedBooter.invokeProviderInSameClassLoader(ForkedBooter.java:384)
at org.apache.maven.surefire.booter.ForkedBooter.runSuitesInProcess(ForkedBooter.java:345)
at org.apache.maven.surefire.booter.ForkedBooter.execute(ForkedBooter.java:126)
at org.apache.maven.surefire.booter.ForkedBooter.main(ForkedBooter.java:418)
]]>
            </full-stacktrace>
          </exception> <!-- java.lang.AssertionError -->
          <reporter-output>
            <line>
              <![CDATA[This Test is to validate ticker App url which is a new window]]>
            </line>
            <line>
              <![CDATA[Fail - Finology Url is NOT as expected]]>
            </line>
          </reporter-output>
        </test-method> <!-- tickerProduct_validateTickerUrl -->
        <test-method status="PASS" signature="tearDown()[pri:0, instance:com.qa.tests.FinologyHomeTest@4313f5bc]" name="tearDown" is-config="true" duration-ms="4151" started-at="2022-03-15T23:46:38 CDT" finished-at="2022-03-15T23:46:42 CDT">
          <reporter-output>
          </reporter-output>
        </test-method> <!-- tearDown -->
        <test-method status="PASS" signature="setUp()[pri:0, instance:com.qa.tests.FinologyHomeTest@4313f5bc]" name="setUp" is-config="true" duration-ms="7402" started-at="2022-03-15T23:46:42 CDT" finished-at="2022-03-15T23:46:49 CDT">
          <reporter-output>
          </reporter-output>
        </test-method> <!-- setUp -->
        <test-method status="SKIP" signature="selectProduct_validateSelectUrl()[pri:2, instance:com.qa.tests.FinologyHomeTest@4313f5bc]" name="selectProduct_validateSelectUrl" duration-ms="7758" retried="true" started-at="2022-03-15T23:46:49 CDT" description="This test is to validate Select App url" finished-at="2022-03-15T23:46:57 CDT">
          <exception class="java.lang.AssertionError">
            <message>
              <![CDATA[The following asserts failed:
Select url is not as expected:  expected [https://select.finology.in1/] but found [//https://select.finology.india/]]]>
            </message>
            <full-stacktrace>
              <![CDATA[java.lang.AssertionError: The following asserts failed:
Select url is not as expected:  expected [https://select.finology.in1/] but found [//https://select.finology.india/]
at org.testng.asserts.SoftAssert.assertAll(SoftAssert.java:47)
at org.testng.asserts.SoftAssert.assertAll(SoftAssert.java:31)
at com.qa.tests.FinologyHomeTest.selectProduct_validateSelectUrl(FinologyHomeTest.java:167)
at sun.reflect.NativeMethodAccessorImpl.invoke0(Native Method)
at sun.reflect.NativeMethodAccessorImpl.invoke(NativeMethodAccessorImpl.java:62)
at sun.reflect.DelegatingMethodAccessorImpl.invoke(DelegatingMethodAccessorImpl.java:43)
at java.lang.reflect.Method.invoke(Method.java:498)
at org.testng.internal.MethodInvocationHelper.invokeMethod(MethodInvocationHelper.java:133)
at org.testng.internal.TestInvoker.invokeMethod(TestInvoker.java:584)
at org.testng.internal.TestInvoker.invokeTestMethod(TestInvoker.java:172)
at org.testng.internal.MethodRunner.runInSequence(MethodRunner.java:46)
at org.testng.internal.TestInvoker$MethodInvocationAgent.invoke(TestInvoker.java:804)
at org.testng.internal.TestInvoker.invokeTestMethods(TestInvoker.java:145)
at org.testng.internal.TestMethodWorker.invokeTestMethods(TestMethodWorker.java:146)
at org.testng.internal.TestMethodWorker.run(TestMethodWorker.java:128)
at java.util.ArrayList.forEach(ArrayList.java:1257)
at org.testng.TestRunner.privateRun(TestRunner.java:770)
at org.testng.TestRunner.run(TestRunner.java:591)
at org.testng.SuiteRunner.runTest(SuiteRunner.java:402)
at org.testng.SuiteRunner.runSequentially(SuiteRunner.java:396)
at org.testng.SuiteRunner.privateRun(SuiteRunner.java:355)
at org.testng.SuiteRunner.run(SuiteRunner.java:304)
at org.testng.SuiteRunnerWorker.runSuite(SuiteRunnerWorker.java:53)
at org.testng.SuiteRunnerWorker.run(SuiteRunnerWorker.java:96)
at org.testng.TestNG.runSuitesSequentially(TestNG.java:1180)
at org.testng.TestNG.runSuitesSequentially(TestNG.java:1175)
at org.testng.TestNG.runSuitesLocally(TestNG.java:1102)
at org.testng.TestNG.runSuites(TestNG.java:1032)
at org.testng.TestNG.run(TestNG.java:1000)
at org.apache.maven.surefire.testng.TestNGExecutor.run(TestNGExecutor.java:283)
at org.apache.maven.surefire.testng.TestNGXmlTestSuite.execute(TestNGXmlTestSuite.java:75)
at org.apache.maven.surefire.testng.TestNGProvider.invoke(TestNGProvider.java:120)
at org.apache.maven.surefire.booter.ForkedBooter.invokeProviderInSameClassLoader(ForkedBooter.java:384)
at org.apache.maven.surefire.booter.ForkedBooter.runSuitesInProcess(ForkedBooter.java:345)
at org.apache.maven.surefire.booter.ForkedBooter.execute(ForkedBooter.java:126)
at org.apache.maven.surefire.booter.ForkedBooter.main(ForkedBooter.java:418)
]]>
            </full-stacktrace>
          </exception> <!-- java.lang.AssertionError -->
          <reporter-output>
          </reporter-output>
        </test-method> <!-- selectProduct_validateSelectUrl -->
        <test-method status="PASS" signature="tearDown()[pri:0, instance:com.qa.tests.FinologyHomeTest@4313f5bc]" name="tearDown" is-config="true" duration-ms="4127" started-at="2022-03-15T23:46:57 CDT" finished-at="2022-03-15T23:47:02 CDT">
          <reporter-output>
          </reporter-output>
        </test-method> <!-- tearDown -->
        <test-method status="PASS" signature="setUp()[pri:0, instance:com.qa.tests.FinologyHomeTest@4313f5bc]" name="setUp" is-config="true" duration-ms="7475" started-at="2022-03-15T23:47:02 CDT" finished-at="2022-03-15T23:47:09 CDT">
          <reporter-output>
          </reporter-output>
        </test-method> <!-- setUp -->
        <test-method status="FAIL" signature="selectProduct_validateSelectUrl()[pri:2, instance:com.qa.tests.FinologyHomeTest@4313f5bc]" name="selectProduct_validateSelectUrl" duration-ms="7424" started-at="2022-03-15T23:47:09 CDT" description="This test is to validate Select App url" finished-at="2022-03-15T23:47:16 CDT">
          <exception class="java.lang.AssertionError">
            <message>
              <![CDATA[The following asserts failed:
Select url is not as expected:  expected [https://select.finology.in1/] but found [//https://select.finology.india/]]]>
            </message>
            <full-stacktrace>
              <![CDATA[java.lang.AssertionError: The following asserts failed:
Select url is not as expected:  expected [https://select.finology.in1/] but found [//https://select.finology.india/]
at org.testng.asserts.SoftAssert.assertAll(SoftAssert.java:47)
at org.testng.asserts.SoftAssert.assertAll(SoftAssert.java:31)
at com.qa.tests.FinologyHomeTest.selectProduct_validateSelectUrl(FinologyHomeTest.java:167)
at sun.reflect.NativeMethodAccessorImpl.invoke0(Native Method)
at sun.reflect.NativeMethodAccessorImpl.invoke(NativeMethodAccessorImpl.java:62)
at sun.reflect.DelegatingMethodAccessorImpl.invoke(DelegatingMethodAccessorImpl.java:43)
at java.lang.reflect.Method.invoke(Method.java:498)
at org.testng.internal.MethodInvocationHelper.invokeMethod(MethodInvocationHelper.java:133)
at org.testng.internal.TestInvoker.invokeMethod(TestInvoker.java:584)
at org.testng.internal.TestInvoker.retryFailed(TestInvoker.java:204)
at org.testng.internal.MethodRunner.runInSequence(MethodRunner.java:58)
at org.testng.internal.TestInvoker$MethodInvocationAgent.invoke(TestInvoker.java:804)
at org.testng.internal.TestInvoker.invokeTestMethods(TestInvoker.java:145)
at org.testng.internal.TestMethodWorker.invokeTestMethods(TestMethodWorker.java:146)
at org.testng.internal.TestMethodWorker.run(TestMethodWorker.java:128)
at java.util.ArrayList.forEach(ArrayList.java:1257)
at org.testng.TestRunner.privateRun(TestRunner.java:770)
at org.testng.TestRunner.run(TestRunner.java:591)
at org.testng.SuiteRunner.runTest(SuiteRunner.java:402)
at org.testng.SuiteRunner.runSequentially(SuiteRunner.java:396)
at org.testng.SuiteRunner.privateRun(SuiteRunner.java:355)
at org.testng.SuiteRunner.run(SuiteRunner.java:304)
at org.testng.SuiteRunnerWorker.runSuite(SuiteRunnerWorker.java:53)
at org.testng.SuiteRunnerWorker.run(SuiteRunnerWorker.java:96)
at org.testng.TestNG.runSuitesSequentially(TestNG.java:1180)
at org.testng.TestNG.runSuitesSequentially(TestNG.java:1175)
at org.testng.TestNG.runSuitesLocally(TestNG.java:1102)
at org.testng.TestNG.runSuites(TestNG.java:1032)
at org.testng.TestNG.run(TestNG.java:1000)
at org.apache.maven.surefire.testng.TestNGExecutor.run(TestNGExecutor.java:283)
at org.apache.maven.surefire.testng.TestNGXmlTestSuite.execute(TestNGXmlTestSuite.java:75)
at org.apache.maven.surefire.testng.TestNGProvider.invoke(TestNGProvider.java:120)
at org.apache.maven.surefire.booter.ForkedBooter.invokeProviderInSameClassLoader(ForkedBooter.java:384)
at org.apache.maven.surefire.booter.ForkedBooter.runSuitesInProcess(ForkedBooter.java:345)
at org.apache.maven.surefire.booter.ForkedBooter.execute(ForkedBooter.java:126)
at org.apache.maven.surefire.booter.ForkedBooter.main(ForkedBooter.java:418)
]]>
            </full-stacktrace>
          </exception> <!-- java.lang.AssertionError -->
          <reporter-output>
          </reporter-output>
        </test-method> <!-- selectProduct_validateSelectUrl -->
        <test-method status="PASS" signature="tearDown()[pri:0, instance:com.qa.tests.FinologyHomeTest@4313f5bc]" name="tearDown" is-config="true" duration-ms="4126" started-at="2022-03-15T23:47:17 CDT" finished-at="2022-03-15T23:47:21 CDT">
          <reporter-output>
          </reporter-output>
        </test-method> <!-- tearDown -->
      </class> <!-- com.qa.tests.FinologyHomeTest -->
      <class name="com.qa.tests.FinologyLoginTest">
        <test-method status="PASS" signature="setUp()[pri:0, instance:com.qa.tests.FinologyLoginTest@7f010382]" name="setUp" is-config="true" duration-ms="6928" started-at="2022-03-15T23:47:21 CDT" finished-at="2022-03-15T23:47:28 CDT">
          <reporter-output>
          </reporter-output>
        </test-method> <!-- setUp -->
        <test-method status="PASS" signature="finologyLoginByPhoneTest(java.lang.String, java.lang.String)[pri:1, instance:com.qa.tests.FinologyLoginTest@7f010382]" name="finologyLoginByPhoneTest" duration-ms="13780" started-at="2022-03-15T23:47:28 CDT" finished-at="2022-03-15T23:47:41 CDT">
          <params>
            <param index="0">
              <value>
                <![CDATA[7799096333]]>
              </value>
            </param>
            <param index="1">
              <value>
                <![CDATA[Pnbe@305]]>
              </value>
            </param>
          </params>
          <reporter-output>
          </reporter-output>
        </test-method> <!-- finologyLoginByPhoneTest -->
        <test-method status="PASS" signature="tearDown()[pri:0, instance:com.qa.tests.FinologyLoginTest@7f010382]" name="tearDown" is-config="true" duration-ms="4096" started-at="2022-03-15T23:47:41 CDT" finished-at="2022-03-15T23:47:46 CDT">
          <reporter-output>
          </reporter-output>
        </test-method> <!-- tearDown -->
        <test-method status="PASS" signature="setUp()[pri:0, instance:com.qa.tests.FinologyLoginTest@7f010382]" name="setUp" is-config="true" duration-ms="6436" started-at="2022-03-15T23:47:46 CDT" finished-at="2022-03-15T23:47:52 CDT">
          <reporter-output>
          </reporter-output>
        </test-method> <!-- setUp -->
        <test-method status="PASS" signature="finologyLoginByEmail_EmailDuplicateTest(java.lang.String, java.lang.String, java.lang.String)[pri:2, instance:com.qa.tests.FinologyLoginTest@7f010382]" name="finologyLoginByEmail_EmailDuplicateTest" duration-ms="14500" started-at="2022-03-15T23:47:52 CDT" data-provider="credentials" finished-at="2022-03-15T23:48:06 CDT">
          <params>
            <param index="0">
              <value>
                <![CDATA[anvardhan551@gmail.com]]>
              </value>
            </param>
            <param index="1">
              <value>
                <![CDATA[Pnbe@305]]>
              </value>
            </param>
            <param index="2">
              <value>
                <![CDATA[iteration1]]>
              </value>
            </param>
          </params>
          <reporter-output>
            <line>
              <![CDATA[This isiteration1of this test]]>
            </line>
          </reporter-output>
        </test-method> <!-- finologyLoginByEmail_EmailDuplicateTest -->
        <test-method status="PASS" signature="tearDown()[pri:0, instance:com.qa.tests.FinologyLoginTest@7f010382]" name="tearDown" is-config="true" duration-ms="4152" started-at="2022-03-15T23:48:06 CDT" finished-at="2022-03-15T23:48:11 CDT">
          <reporter-output>
          </reporter-output>
        </test-method> <!-- tearDown -->
        <test-method status="PASS" signature="setUp()[pri:0, instance:com.qa.tests.FinologyLoginTest@7f010382]" name="setUp" is-config="true" duration-ms="7975" started-at="2022-03-15T23:48:11 CDT" finished-at="2022-03-15T23:48:19 CDT">
          <reporter-output>
          </reporter-output>
        </test-method> <!-- setUp -->
        <test-method status="PASS" signature="finologyLoginByEmail_EmailDuplicateTest(java.lang.String, java.lang.String, java.lang.String)[pri:2, instance:com.qa.tests.FinologyLoginTest@7f010382]" name="finologyLoginByEmail_EmailDuplicateTest" duration-ms="13738" started-at="2022-03-15T23:48:19 CDT" data-provider="credentials" finished-at="2022-03-15T23:48:32 CDT">
          <params>
            <param index="0">
              <value>
                <![CDATA[7799096333]]>
              </value>
            </param>
            <param index="1">
              <value>
                <![CDATA[Pnbe@305]]>
              </value>
            </param>
            <param index="2">
              <value>
                <![CDATA[iteration2]]>
              </value>
            </param>
          </params>
          <reporter-output>
            <line>
              <![CDATA[This isiteration2of this test]]>
            </line>
          </reporter-output>
        </test-method> <!-- finologyLoginByEmail_EmailDuplicateTest -->
        <test-method status="PASS" signature="tearDown()[pri:0, instance:com.qa.tests.FinologyLoginTest@7f010382]" name="tearDown" is-config="true" duration-ms="4118" started-at="2022-03-15T23:48:32 CDT" finished-at="2022-03-15T23:48:36 CDT">
          <reporter-output>
          </reporter-output>
        </test-method> <!-- tearDown -->
        <test-method status="PASS" signature="setUp()[pri:0, instance:com.qa.tests.FinologyLoginTest@7f010382]" name="setUp" is-config="true" duration-ms="6740" started-at="2022-03-15T23:48:36 CDT" finished-at="2022-03-15T23:48:43 CDT">
          <reporter-output>
          </reporter-output>
        </test-method> <!-- setUp -->
        <test-method status="PASS" signature="finologyLoginByEmail_EmailDuplicateTest(java.lang.String, java.lang.String, java.lang.String)[pri:2, instance:com.qa.tests.FinologyLoginTest@7f010382]" name="finologyLoginByEmail_EmailDuplicateTest" duration-ms="13821" started-at="2022-03-15T23:48:43 CDT" data-provider="credentials" finished-at="2022-03-15T23:48:57 CDT">
          <params>
            <param index="0">
              <value>
                <![CDATA[anvardhan551@gmail.com]]>
              </value>
            </param>
            <param index="1">
              <value>
                <![CDATA[Pnbe@305]]>
              </value>
            </param>
            <param index="2">
              <value>
                <![CDATA[iteration1]]>
              </value>
            </param>
          </params>
          <reporter-output>
            <line>
              <![CDATA[This isiteration1of this test]]>
            </line>
          </reporter-output>
        </test-method> <!-- finologyLoginByEmail_EmailDuplicateTest -->
        <test-method status="PASS" signature="tearDown()[pri:0, instance:com.qa.tests.FinologyLoginTest@7f010382]" name="tearDown" is-config="true" duration-ms="4115" started-at="2022-03-15T23:48:57 CDT" finished-at="2022-03-15T23:49:01 CDT">
          <reporter-output>
          </reporter-output>
        </test-method> <!-- tearDown -->
        <test-method status="PASS" signature="setUp()[pri:0, instance:com.qa.tests.FinologyLoginTest@7f010382]" name="setUp" is-config="true" duration-ms="6674" started-at="2022-03-15T23:49:01 CDT" finished-at="2022-03-15T23:49:08 CDT">
          <reporter-output>
          </reporter-output>
        </test-method> <!-- setUp -->
        <test-method status="PASS" signature="finologyLoginByEmail_EmailTest(java.lang.String, java.lang.String, java.lang.String)[pri:2, instance:com.qa.tests.FinologyLoginTest@7f010382]" name="finologyLoginByEmail_EmailTest" duration-ms="13112" started-at="2022-03-15T23:49:08 CDT" data-provider="credentials" finished-at="2022-03-15T23:49:21 CDT">
          <params>
            <param index="0">
              <value>
                <![CDATA[anvardhan551@gmail.com]]>
              </value>
            </param>
            <param index="1">
              <value>
                <![CDATA[Pnbe@305]]>
              </value>
            </param>
            <param index="2">
              <value>
                <![CDATA[iteration1]]>
              </value>
            </param>
          </params>
          <reporter-output>
            <line>
              <![CDATA[This isiteration1of this test]]>
            </line>
          </reporter-output>
        </test-method> <!-- finologyLoginByEmail_EmailTest -->
        <test-method status="PASS" signature="tearDown()[pri:0, instance:com.qa.tests.FinologyLoginTest@7f010382]" name="tearDown" is-config="true" duration-ms="4115" started-at="2022-03-15T23:49:21 CDT" finished-at="2022-03-15T23:49:25 CDT">
          <reporter-output>
          </reporter-output>
        </test-method> <!-- tearDown -->
        <test-method status="PASS" signature="setUp()[pri:0, instance:com.qa.tests.FinologyLoginTest@7f010382]" name="setUp" is-config="true" duration-ms="6597" started-at="2022-03-15T23:49:25 CDT" finished-at="2022-03-15T23:49:32 CDT">
          <reporter-output>
          </reporter-output>
        </test-method> <!-- setUp -->
        <test-method status="PASS" signature="finologyLoginByEmail_EmailTest(java.lang.String, java.lang.String, java.lang.String)[pri:2, instance:com.qa.tests.FinologyLoginTest@7f010382]" name="finologyLoginByEmail_EmailTest" duration-ms="12911" started-at="2022-03-15T23:49:32 CDT" data-provider="credentials" finished-at="2022-03-15T23:49:45 CDT">
          <params>
            <param index="0">
              <value>
                <![CDATA[7799096333]]>
              </value>
            </param>
            <param index="1">
              <value>
                <![CDATA[Pnbe@305]]>
              </value>
            </param>
            <param index="2">
              <value>
                <![CDATA[iteration2]]>
              </value>
            </param>
          </params>
          <reporter-output>
            <line>
              <![CDATA[This isiteration2of this test]]>
            </line>
          </reporter-output>
        </test-method> <!-- finologyLoginByEmail_EmailTest -->
        <test-method status="PASS" signature="tearDown()[pri:0, instance:com.qa.tests.FinologyLoginTest@7f010382]" name="tearDown" is-config="true" duration-ms="4129" started-at="2022-03-15T23:49:45 CDT" finished-at="2022-03-15T23:49:49 CDT">
          <reporter-output>
          </reporter-output>
        </test-method> <!-- tearDown -->
        <test-method status="PASS" signature="setUp()[pri:0, instance:com.qa.tests.FinologyLoginTest@7f010382]" name="setUp" is-config="true" duration-ms="6463" started-at="2022-03-15T23:49:49 CDT" finished-at="2022-03-15T23:49:55 CDT">
          <reporter-output>
          </reporter-output>
        </test-method> <!-- setUp -->
        <test-method status="PASS" signature="finologyLoginByEmail_EmailTest(java.lang.String, java.lang.String, java.lang.String)[pri:2, instance:com.qa.tests.FinologyLoginTest@7f010382]" name="finologyLoginByEmail_EmailTest" duration-ms="14504" started-at="2022-03-15T23:49:55 CDT" data-provider="credentials" finished-at="2022-03-15T23:50:10 CDT">
          <params>
            <param index="0">
              <value>
                <![CDATA[anvardhan551@gmail.com]]>
              </value>
            </param>
            <param index="1">
              <value>
                <![CDATA[Pnbe@305]]>
              </value>
            </param>
            <param index="2">
              <value>
                <![CDATA[iteration1]]>
              </value>
            </param>
          </params>
          <reporter-output>
            <line>
              <![CDATA[This isiteration1of this test]]>
            </line>
          </reporter-output>
        </test-method> <!-- finologyLoginByEmail_EmailTest -->
        <test-method status="PASS" signature="tearDown()[pri:0, instance:com.qa.tests.FinologyLoginTest@7f010382]" name="tearDown" is-config="true" duration-ms="4133" started-at="2022-03-15T23:50:10 CDT" finished-at="2022-03-15T23:50:14 CDT">
          <reporter-output>
          </reporter-output>
        </test-method> <!-- tearDown -->
      </class> <!-- com.qa.tests.FinologyLoginTest -->
    </test> <!-- App1Test -->
  </suite> <!-- TestSuite1 -->
</testng-results>
