<?xml version="1.0" encoding="UTF-8"?>
<testsuite xmlns:xsi="http://www.w3.org/2001/XMLSchema-instance" xsi:noNamespaceSchemaLocation="https://maven.apache.org/surefire/maven-surefire-plugin/xsd/surefire-test-report.xsd" name="TestSuite" time="483.673" tests="20" errors="0" skipped="2" failures="2">
  <properties>
[...]
</properties>
  <testcase name="tickerProduct_validateTickerUrl" classname="com.qa.tests.FinologyHomeTest" time="0">
    <skipped message="The following asserts failed:&#10;	Finology url is not as expected:  expected [https://www.finology.in/] but found [https://www.finology.india/]"/>
    <system-out><![CDATA[[TestNG] [WARN] AnnotationTransformer already set
[TestNG] [WARN] Ignoring duplicate listener : com.qa.app.listeners.ExtentReportListener
[TestNG] [WARN] AnnotationTransformer already set
[TestNG] [WARN] Ignoring duplicate listener : com.qa.app.listeners.ExtentReportListener
Test Suite started!
Chrome driver launched
tickerProduct_validateTickerUrl started!
https://www.finology.in/
Fail - Finology Url is NOT as expected
https://ticker.finology.in/
Pass - Ticker Url is as expected
https://www.finology.in/
Pass - Finology Url is as expected after moving back from ticker App
tickerProduct_validateTickerUrl skipped!
]]></system-out>
    <system-err><![CDATA[log4j:WARN No appenders could be found for logger (io.github.bonigarcia.wdm.cache.ResolutionCache).
log4j:WARN Please initialize the log4j system properly.
Starting ChromeDriver 99.0.4844.51 (d537ec02474b5afe23684e7963d538896c63ac77-refs/branch-heads/4844@{#875}) on port 16204
Only local connections are allowed.
Please see https://chromedriver.chromium.org/security-considerations for suggestions on keeping ChromeDriver safe.
ChromeDriver was started successfully.
Mar 15, 2022 11:46:03 PM org.openqa.selenium.remote.ProtocolHandshake createSession
INFO: Detected dialect: W3C
]]></system-err>
  </testcase>
  <testcase name="tickerProduct_validateTickerUrl" classname="com.qa.tests.FinologyHomeTest" time="6.479">
    <failure message="The following asserts failed:&#10;	Finology url is not as expected:  expected [https://www.finology.in/] but found [https://www.finology.india/]" type="java.lang.AssertionError">java.lang.AssertionError: 
The following asserts failed:
	Finology url is not as expected:  expected [https://www.finology.in/] but found [https://www.finology.india/]
	at com.qa.tests.FinologyHomeTest.tickerProduct_validateTickerUrl(FinologyHomeTest.java:114)
</failure>
    <system-out><![CDATA[Chrome driver launched
tickerProduct_validateTickerUrl started!
https://www.finology.in/
Fail - Finology Url is NOT as expected
https://ticker.finology.in/
Pass - Ticker Url is as expected
https://www.finology.in/
Pass - Finology Url is as expected after moving back from ticker App
tickerProduct_validateTickerUrl failed!
]]></system-out>
    <system-err><![CDATA[Starting ChromeDriver 99.0.4844.51 (d537ec02474b5afe23684e7963d538896c63ac77-refs/branch-heads/4844@{#875}) on port 11169
Only local connections are allowed.
Please see https://chromedriver.chromium.org/security-considerations for suggestions on keeping ChromeDriver safe.
ChromeDriver was started successfully.
Mar 15, 2022 11:46:24 PM org.openqa.selenium.remote.ProtocolHandshake createSession
INFO: Detected dialect: W3C
]]></system-err>
  </testcase>
  <testcase name="selectProduct_validateSelectUrl" classname="com.qa.tests.FinologyHomeTest" time="0">
    <skipped message="The following asserts failed:&#10;	Select url is not as expected:  expected [https://select.finology.in1/] but found [//https://select.finology.india/]"/>
    <system-out><![CDATA[Chrome driver launched
selectProduct_validateSelectUrl started!
https://www.finology.in/
//https://select.finology.india/
Fail - Select Url is NOT as expected
https://www.finology.in/
selectProduct_validateSelectUrl skipped!
]]></system-out>
    <system-err><![CDATA[Starting ChromeDriver 99.0.4844.51 (d537ec02474b5afe23684e7963d538896c63ac77-refs/branch-heads/4844@{#875}) on port 37389
Only local connections are allowed.
Please see https://chromedriver.chromium.org/security-considerations for suggestions on keeping ChromeDriver safe.
ChromeDriver was started successfully.
Mar 15, 2022 11:46:43 PM org.openqa.selenium.remote.ProtocolHandshake createSession
INFO: Detected dialect: W3C
]]></system-err>
  </testcase>
  <testcase name="selectProduct_validateSelectUrl" classname="com.qa.tests.FinologyHomeTest" time="7.566">
    <failure message="The following asserts failed:&#10;	Select url is not as expected:  expected [https://select.finology.in1/] but found [//https://select.finology.india/]" type="java.lang.AssertionError">java.lang.AssertionError: 
The following asserts failed:
	Select url is not as expected:  expected [https://select.finology.in1/] but found [//https://select.finology.india/]
	at com.qa.tests.FinologyHomeTest.selectProduct_validateSelectUrl(FinologyHomeTest.java:167)
</failure>
    <system-out><![CDATA[Chrome driver launched
selectProduct_validateSelectUrl started!
https://www.finology.in/
//https://select.finology.india/
Fail - Select Url is NOT as expected
https://www.finology.in/
selectProduct_validateSelectUrl failed!
]]></system-out>
    <system-err><![CDATA[Starting ChromeDriver 99.0.4844.51 (d537ec02474b5afe23684e7963d538896c63ac77-refs/branch-heads/4844@{#875}) on port 14676
Only local connections are allowed.
Please see https://chromedriver.chromium.org/security-considerations for suggestions on keeping ChromeDriver safe.
ChromeDriver was started successfully.
Mar 15, 2022 11:47:03 PM org.openqa.selenium.remote.ProtocolHandshake createSession
INFO: Detected dialect: W3C
]]></system-err>
  </testcase>
  <testcase name="finologyLoginByPhoneTest" classname="com.qa.tests.FinologyLoginTest" time="13.78"/>
  <testcase name="finologyLoginByEmail_EmailDuplicateTest" classname="com.qa.tests.FinologyLoginTest" time="14.501"/>
  <testcase name="finologyLoginByEmail_EmailDuplicateTest" classname="com.qa.tests.FinologyLoginTest" time="13.739"/>
  <testcase name="finologyLoginByEmail_EmailDuplicateTest" classname="com.qa.tests.FinologyLoginTest" time="13.822"/>
  <testcase name="finologyLoginByEmail_EmailTest" classname="com.qa.tests.FinologyLoginTest" time="13.112"/>
  <testcase name="finologyLoginByEmail_EmailTest" classname="com.qa.tests.FinologyLoginTest" time="12.911"/>
  <testcase name="finologyLoginByEmail_EmailTest" classname="com.qa.tests.FinologyLoginTest" time="14.505"/>
  <testcase name="tickerProduct_validateTickerLogo" classname="com.qa.tests.FinologyTickerTest" time="6.242"/>
  <testcase name="tickerProduct_getHighestPrice_Sector" classname="com.qa.tests.FinologyTickerTest" time="22.872"/>
  <testcase name="tickerProduct_getPriceForListedCompanies_Sector_Parameterized" classname="com.qa.tests.FinologyTickerTest" time="22.754"/>
  <testcase name="SelectProduct_validateBrokersCount" classname="com.qa.tests.FinologySelectTest" time="10.755"/>
  <testcase name="SelectProduct_validateSelectLogo" classname="com.qa.tests.FinologySelectTest" time="7.102"/>
  <testcase name="validateBrokerageRateAndAmount_Calculators" classname="com.qa.tests.FinologySelectTest" time="14.976"/>
  <testcase name="validateBrokerageRateAndAmount_Calculators" classname="com.qa.tests.FinologySelectTest" time="14.914"/>
  <testcase name="validateBrokerageRateAndAmount_Calculators" classname="com.qa.tests.FinologySelectTest" time="14.262"/>
  <testcase name="validateBrokerageRateAndAmount_Calculators" classname="com.qa.tests.FinologySelectTest" time="15.426"/>
</testsuite>