<?xml version="1.0" encoding="UTF-8"?>
<!-- Generated by org.testng.reporters.JUnitXMLReporter -->
<testsuite hostname="DESKTOP-IC54V12" ignored="7" name="App1Test" tests="6" failures="0" timestamp="2022-03-23T11:53:20 CDT" time="83.284" errors="0">
  <testcase name="tickerProduct_validateTickerUrl" time="2.239" classname="com.qa.tests.FinologyHomeTest"/>
  <testcase name="selectProduct_validateSelectUrl" time="3.308" classname="com.qa.tests.FinologyHomeTest"/>
  <testcase name="finologyLoginByPhoneTest" time="6.69" classname="com.qa.tests.FinologyLoginTest"/>
  <testcase name="finologyLoginByEmail_EmailTest" time="6.169" classname="com.qa.tests.FinologyLoginTest"/>
  <testcase name="finologyLoginByEmail_EmailTest" time="6.614" classname="com.qa.tests.FinologyLoginTest"/>
  <testcase name="finologyLoginByEmail_EmailTest" time="6.778" classname="com.qa.tests.FinologyLoginTest"/>
  <testcase name="finologyLoginByEmail_InvalidPhone__EmailTest" time="0.0" classname="com.qa.tests.FinologyLoginTest">
    <ignored/>
  </testcase> <!-- finologyLoginByEmail_InvalidPhone__EmailTest -->
  <testcase name="finologyLoginByPhoneTest_InvalidPhoneNo" time="0.0" classname="com.qa.tests.FinologyLoginTest">
    <ignored/>
  </testcase> <!-- finologyLoginByPhoneTest_InvalidPhoneNo -->
  <testcase name="finologyLoginByEmail_InvalidEmail__EmailTest" time="0.0" classname="com.qa.tests.FinologyLoginTest">
    <ignored/>
  </testcase> <!-- finologyLoginByEmail_InvalidEmail__EmailTest -->
  <testcase name="recipeProduct_validateQuestUrl" time="0.0" classname="com.qa.tests.FinologyHomeTest">
    <ignored/>
  </testcase> <!-- recipeProduct_validateQuestUrl -->
  <testcase name="finologyLoginByEmail_PhoneTest" time="0.0" classname="com.qa.tests.FinologyLoginTest">
    <ignored/>
  </testcase> <!-- finologyLoginByEmail_PhoneTest -->
  <testcase name="questProduct_validateQuestUrl" time="0.0" classname="com.qa.tests.FinologyHomeTest">
    <ignored/>
  </testcase> <!-- questProduct_validateQuestUrl -->
  <testcase name="finologyLoginByPhoneTest_InvalidPassword" time="0.0" classname="com.qa.tests.FinologyLoginTest">
    <ignored/>
  </testcase> <!-- finologyLoginByPhoneTest_InvalidPassword -->
</testsuite> <!-- App1Test -->
