<?xml version="1.0" encoding="UTF-8"?>
<testng-results skipped="0" failed="0" ignored="20" total="35" passed="15">
  <reporter-output>
    <line>
      <![CDATA[This Test is to validate ticker App url which is a new window]]>
    </line>
    <line>
      <![CDATA[Pass - Finology Url is as expected]]>
    </line>
    <line>
      <![CDATA[This isiteration1of this test]]>
    </line>
    <line>
      <![CDATA[This isiteration2of this test]]>
    </line>
    <line>
      <![CDATA[This isiteration1of this test]]>
    </line>
  </reporter-output>
  <suite name="TestSuite" duration-ms="256244" started-at="2022-04-07T19:57:21 CDT" finished-at="2022-04-07T20:01:37 CDT">
    <groups>
      <group name="regression">
        <method signature="FinologyHomeTest.selectProduct_validateSelectUrl()[pri:2, instance:com.qa.tests.FinologyHomeTest@25243bc1]" name="selectProduct_validateSelectUrl" class="com.qa.tests.FinologyHomeTest"/>
        <method signature="FinologySelectTest.SelectProduct_validateSelectLogo()[pri:1, instance:com.qa.tests.FinologySelectTest@5987e932]" name="SelectProduct_validateSelectLogo" class="com.qa.tests.FinologySelectTest"/>
        <method signature="FinologySelectTest.validateBrokerageRateAndAmount_Calculators(java.lang.String, java.lang.String, java.lang.String, java.lang.String)[pri:2, instance:com.qa.tests.FinologySelectTest@5987e932]" name="validateBrokerageRateAndAmount_Calculators" class="com.qa.tests.FinologySelectTest"/>
        <method signature="FinologyTickerTest.tickerProduct_getHighestPrice_Sector()[pri:2, instance:com.qa.tests.FinologyTickerTest@1af05b03]" name="tickerProduct_getHighestPrice_Sector" class="com.qa.tests.FinologyTickerTest"/>
        <method signature="FinologyTickerTest.tickerProduct_getPriceForListedCompanies_Sector_Parameterized()[pri:3, instance:com.qa.tests.FinologyTickerTest@1af05b03]" name="tickerProduct_getPriceForListedCompanies_Sector_Parameterized" class="com.qa.tests.FinologyTickerTest"/>
        <method signature="FinologyTickerTest.tickerProduct_validateTickerLogo()[pri:1, instance:com.qa.tests.FinologyTickerTest@1af05b03]" name="tickerProduct_validateTickerLogo" class="com.qa.tests.FinologyTickerTest"/>
      </group> <!-- regression -->
      <group name="regresiion">
        <method signature="FinologyLoginTest.finologyLoginByPhoneTest(java.lang.String, java.lang.String)[pri:1, instance:com.qa.tests.FinologyLoginTest@1e287667]" name="finologyLoginByPhoneTest" class="com.qa.tests.FinologyLoginTest"/>
      </group> <!-- regresiion -->
      <group name="sanity">
        <method signature="FinologyHomeTest.selectProduct_validateSelectUrl()[pri:2, instance:com.qa.tests.FinologyHomeTest@25243bc1]" name="selectProduct_validateSelectUrl" class="com.qa.tests.FinologyHomeTest"/>
        <method signature="FinologyHomeTest.tickerProduct_validateTickerUrl()[pri:1, instance:com.qa.tests.FinologyHomeTest@25243bc1]" name="tickerProduct_validateTickerUrl" class="com.qa.tests.FinologyHomeTest"/>
        <method signature="FinologyLoginTest.finologyLoginByEmail_EmailTest(java.lang.String, java.lang.String, java.lang.String)[pri:2, instance:com.qa.tests.FinologyLoginTest@1e287667]" name="finologyLoginByEmail_EmailTest" class="com.qa.tests.FinologyLoginTest"/>
        <method signature="FinologyLoginTest.finologyLoginByPhoneTest(java.lang.String, java.lang.String)[pri:1, instance:com.qa.tests.FinologyLoginTest@1e287667]" name="finologyLoginByPhoneTest" class="com.qa.tests.FinologyLoginTest"/>
        <method signature="FinologySelectTest.SelectProduct_validateSelectLogo()[pri:1, instance:com.qa.tests.FinologySelectTest@5987e932]" name="SelectProduct_validateSelectLogo" class="com.qa.tests.FinologySelectTest"/>
        <method signature="FinologyTickerTest.tickerProduct_validateTickerLogo()[pri:1, instance:com.qa.tests.FinologyTickerTest@1af05b03]" name="tickerProduct_validateTickerLogo" class="com.qa.tests.FinologyTickerTest"/>
      </group> <!-- sanity -->
      <group name="mandatory">
        <method signature="FinologyHomeTest.tickerProduct_validateTickerUrl()[pri:1, instance:com.qa.tests.FinologyHomeTest@25243bc1]" name="tickerProduct_validateTickerUrl" class="com.qa.tests.FinologyHomeTest"/>
        <method signature="FinologyLoginTest.finologyLoginByEmail_EmailTest(java.lang.String, java.lang.String, java.lang.String)[pri:2, instance:com.qa.tests.FinologyLoginTest@1e287667]" name="finologyLoginByEmail_EmailTest" class="com.qa.tests.FinologyLoginTest"/>
        <method signature="FinologyLoginTest.finologyLoginByPhoneTest(java.lang.String, java.lang.String)[pri:1, instance:com.qa.tests.FinologyLoginTest@1e287667]" name="finologyLoginByPhoneTest" class="com.qa.tests.FinologyLoginTest"/>
      </group> <!-- mandatory -->
    </groups>
    <test name="App1Test" duration-ms="88157" started-at="2022-04-07T19:57:21 CDT" finished-at="2022-04-07T19:58:49 CDT">
      <class name="com.qa.tests.FinologyHomeTest">
        <test-method status="PASS" signature="setUp()[pri:0, instance:com.qa.tests.FinologyHomeTest@25243bc1]" name="setUp" is-config="true" duration-ms="5979" started-at="2022-04-07T19:57:21 CDT" finished-at="2022-04-07T19:57:27 CDT">
          <reporter-output>
          </reporter-output>
        </test-method> <!-- setUp -->
        <test-method status="PASS" signature="tickerProduct_validateTickerUrl()[pri:1, instance:com.qa.tests.FinologyHomeTest@25243bc1]" name="tickerProduct_validateTickerUrl" duration-ms="3728" started-at="2022-04-07T19:57:27 CDT" description="This test is to validate Ticker App url" finished-at="2022-04-07T19:57:31 CDT">
          <reporter-output>
            <line>
              <![CDATA[This Test is to validate ticker App url which is a new window]]>
            </line>
            <line>
              <![CDATA[Pass - Finology Url is as expected]]>
            </line>
          </reporter-output>
        </test-method> <!-- tickerProduct_validateTickerUrl -->
        <test-method status="PASS" signature="tearDown()[pri:0, instance:com.qa.tests.FinologyHomeTest@25243bc1]" name="tearDown" is-config="true" duration-ms="4115" started-at="2022-04-07T19:57:31 CDT" finished-at="2022-04-07T19:57:35 CDT">
          <reporter-output>
          </reporter-output>
        </test-method> <!-- tearDown -->
        <test-method status="PASS" signature="setUp()[pri:0, instance:com.qa.tests.FinologyHomeTest@25243bc1]" name="setUp" is-config="true" duration-ms="4785" started-at="2022-04-07T19:57:35 CDT" finished-at="2022-04-07T19:57:40 CDT">
          <reporter-output>
          </reporter-output>
        </test-method> <!-- setUp -->
        <test-method status="PASS" signature="selectProduct_validateSelectUrl()[pri:2, instance:com.qa.tests.FinologyHomeTest@25243bc1]" name="selectProduct_validateSelectUrl" duration-ms="4276" started-at="2022-04-07T19:57:40 CDT" description="This test is to validate Select App url" finished-at="2022-04-07T19:57:44 CDT">
          <reporter-output>
          </reporter-output>
        </test-method> <!-- selectProduct_validateSelectUrl -->
        <test-method status="PASS" signature="tearDown()[pri:0, instance:com.qa.tests.FinologyHomeTest@25243bc1]" name="tearDown" is-config="true" duration-ms="4122" started-at="2022-04-07T19:57:44 CDT" finished-at="2022-04-07T19:57:48 CDT">
          <reporter-output>
          </reporter-output>
        </test-method> <!-- tearDown -->
      </class> <!-- com.qa.tests.FinologyHomeTest -->
      <class name="com.qa.tests.FinologyLoginTest">
        <test-method status="PASS" signature="setUp()[pri:0, instance:com.qa.tests.FinologyLoginTest@1e287667]" name="setUp" is-config="true" duration-ms="4002" started-at="2022-04-07T19:57:48 CDT" finished-at="2022-04-07T19:57:52 CDT">
          <reporter-output>
          </reporter-output>
        </test-method> <!-- setUp -->
        <test-method status="PASS" signature="finologyLoginByPhoneTest(java.lang.String, java.lang.String)[pri:1, instance:com.qa.tests.FinologyLoginTest@1e287667]" name="finologyLoginByPhoneTest" duration-ms="6538" started-at="2022-04-07T19:57:52 CDT" finished-at="2022-04-07T19:57:59 CDT">
          <params>
            <param index="0">
              <value>
                <![CDATA[7799096333]]>
              </value>
            </param>
            <param index="1">
              <value>
                <![CDATA[Pnbe@305]]>
              </value>
            </param>
          </params>
          <reporter-output>
          </reporter-output>
        </test-method> <!-- finologyLoginByPhoneTest -->
        <test-method status="PASS" signature="tearDown()[pri:0, instance:com.qa.tests.FinologyLoginTest@1e287667]" name="tearDown" is-config="true" duration-ms="4136" started-at="2022-04-07T19:57:59 CDT" finished-at="2022-04-07T19:58:03 CDT">
          <reporter-output>
          </reporter-output>
        </test-method> <!-- tearDown -->
        <test-method status="PASS" signature="setUp()[pri:0, instance:com.qa.tests.FinologyLoginTest@1e287667]" name="setUp" is-config="true" duration-ms="5038" started-at="2022-04-07T19:58:03 CDT" finished-at="2022-04-07T19:58:08 CDT">
          <reporter-output>
          </reporter-output>
        </test-method> <!-- setUp -->
        <test-method status="PASS" signature="finologyLoginByEmail_EmailTest(java.lang.String, java.lang.String, java.lang.String)[pri:2, instance:com.qa.tests.FinologyLoginTest@1e287667]" name="finologyLoginByEmail_EmailTest" duration-ms="6732" started-at="2022-04-07T19:58:08 CDT" data-provider="credentials" finished-at="2022-04-07T19:58:15 CDT">
          <params>
            <param index="0">
              <value>
                <![CDATA[anvardhan551@gmail.com]]>
              </value>
            </param>
            <param index="1">
              <value>
                <![CDATA[Pnbe@305]]>
              </value>
            </param>
            <param index="2">
              <value>
                <![CDATA[iteration1]]>
              </value>
            </param>
          </params>
          <reporter-output>
            <line>
              <![CDATA[This isiteration1of this test]]>
            </line>
          </reporter-output>
        </test-method> <!-- finologyLoginByEmail_EmailTest -->
        <test-method status="PASS" signature="tearDown()[pri:0, instance:com.qa.tests.FinologyLoginTest@1e287667]" name="tearDown" is-config="true" duration-ms="4132" started-at="2022-04-07T19:58:15 CDT" finished-at="2022-04-07T19:58:19 CDT">
          <reporter-output>
          </reporter-output>
        </test-method> <!-- tearDown -->
        <test-method status="PASS" signature="setUp()[pri:0, instance:com.qa.tests.FinologyLoginTest@1e287667]" name="setUp" is-config="true" duration-ms="4573" started-at="2022-04-07T19:58:19 CDT" finished-at="2022-04-07T19:58:23 CDT">
          <reporter-output>
          </reporter-output>
        </test-method> <!-- setUp -->
        <test-method status="PASS" signature="finologyLoginByEmail_EmailTest(java.lang.String, java.lang.String, java.lang.String)[pri:2, instance:com.qa.tests.FinologyLoginTest@1e287667]" name="finologyLoginByEmail_EmailTest" duration-ms="6330" started-at="2022-04-07T19:58:23 CDT" data-provider="credentials" finished-at="2022-04-07T19:58:30 CDT">
          <params>
            <param index="0">
              <value>
                <![CDATA[7799096333]]>
              </value>
            </param>
            <param index="1">
              <value>
                <![CDATA[Pnbe@305]]>
              </value>
            </param>
            <param index="2">
              <value>
                <![CDATA[iteration2]]>
              </value>
            </param>
          </params>
          <reporter-output>
            <line>
              <![CDATA[This isiteration2of this test]]>
            </line>
          </reporter-output>
        </test-method> <!-- finologyLoginByEmail_EmailTest -->
        <test-method status="PASS" signature="tearDown()[pri:0, instance:com.qa.tests.FinologyLoginTest@1e287667]" name="tearDown" is-config="true" duration-ms="4111" started-at="2022-04-07T19:58:30 CDT" finished-at="2022-04-07T19:58:34 CDT">
          <reporter-output>
          </reporter-output>
        </test-method> <!-- tearDown -->
        <test-method status="PASS" signature="setUp()[pri:0, instance:com.qa.tests.FinologyLoginTest@1e287667]" name="setUp" is-config="true" duration-ms="4478" started-at="2022-04-07T19:58:34 CDT" finished-at="2022-04-07T19:58:38 CDT">
          <reporter-output>
          </reporter-output>
        </test-method> <!-- setUp -->
        <test-method status="PASS" signature="finologyLoginByEmail_EmailTest(java.lang.String, java.lang.String, java.lang.String)[pri:2, instance:com.qa.tests.FinologyLoginTest@1e287667]" name="finologyLoginByEmail_EmailTest" duration-ms="6606" started-at="2022-04-07T19:58:38 CDT" data-provider="credentials" finished-at="2022-04-07T19:58:45 CDT">
          <params>
            <param index="0">
              <value>
                <![CDATA[anvardhan551@gmail.com]]>
              </value>
            </param>
            <param index="1">
              <value>
                <![CDATA[Pnbe@305]]>
              </value>
            </param>
            <param index="2">
              <value>
                <![CDATA[iteration1]]>
              </value>
            </param>
          </params>
          <reporter-output>
            <line>
              <![CDATA[This isiteration1of this test]]>
            </line>
          </reporter-output>
        </test-method> <!-- finologyLoginByEmail_EmailTest -->
        <test-method status="PASS" signature="tearDown()[pri:0, instance:com.qa.tests.FinologyLoginTest@1e287667]" name="tearDown" is-config="true" duration-ms="4127" started-at="2022-04-07T19:58:45 CDT" finished-at="2022-04-07T19:58:49 CDT">
          <reporter-output>
          </reporter-output>
        </test-method> <!-- tearDown -->
      </class> <!-- com.qa.tests.FinologyLoginTest -->
    </test> <!-- App1Test -->
    <test name="App2Test" duration-ms="168040" started-at="2022-04-07T19:58:49 CDT" finished-at="2022-04-07T20:01:37 CDT">
      <class name="com.qa.tests.FinologyTickerTest">
        <test-method status="PASS" signature="setUp()[pri:0, instance:com.qa.tests.FinologyTickerTest@1af05b03]" name="setUp" is-config="true" duration-ms="4003" started-at="2022-04-07T19:58:49 CDT" finished-at="2022-04-07T19:58:53 CDT">
          <reporter-output>
          </reporter-output>
        </test-method> <!-- setUp -->
        <test-method status="PASS" signature="tickerProduct_validateTickerLogo()[pri:1, instance:com.qa.tests.FinologyTickerTest@1af05b03]" name="tickerProduct_validateTickerLogo" duration-ms="2567" started-at="2022-04-07T19:58:53 CDT" finished-at="2022-04-07T19:58:56 CDT">
          <reporter-output>
          </reporter-output>
        </test-method> <!-- tickerProduct_validateTickerLogo -->
        <test-method status="PASS" signature="tearDown()[pri:0, instance:com.qa.tests.FinologyTickerTest@1af05b03]" name="tearDown" is-config="true" duration-ms="674" started-at="2022-04-07T19:58:56 CDT" finished-at="2022-04-07T19:58:56 CDT">
          <reporter-output>
          </reporter-output>
        </test-method> <!-- tearDown -->
        <test-method status="PASS" signature="setUp()[pri:0, instance:com.qa.tests.FinologyTickerTest@1af05b03]" name="setUp" is-config="true" duration-ms="8237" started-at="2022-04-07T19:58:56 CDT" finished-at="2022-04-07T19:59:04 CDT">
          <reporter-output>
          </reporter-output>
        </test-method> <!-- setUp -->
        <test-method status="PASS" signature="tickerProduct_getHighestPrice_Sector()[pri:2, instance:com.qa.tests.FinologyTickerTest@1af05b03]" name="tickerProduct_getHighestPrice_Sector" duration-ms="19771" started-at="2022-04-07T19:59:04 CDT" finished-at="2022-04-07T19:59:24 CDT">
          <reporter-output>
          </reporter-output>
        </test-method> <!-- tickerProduct_getHighestPrice_Sector -->
        <test-method status="PASS" signature="tearDown()[pri:0, instance:com.qa.tests.FinologyTickerTest@1af05b03]" name="tearDown" is-config="true" duration-ms="656" started-at="2022-04-07T19:59:24 CDT" finished-at="2022-04-07T19:59:25 CDT">
          <reporter-output>
          </reporter-output>
        </test-method> <!-- tearDown -->
        <test-method status="PASS" signature="setUp()[pri:0, instance:com.qa.tests.FinologyTickerTest@1af05b03]" name="setUp" is-config="true" duration-ms="4420" started-at="2022-04-07T19:59:25 CDT" finished-at="2022-04-07T19:59:29 CDT">
          <reporter-output>
          </reporter-output>
        </test-method> <!-- setUp -->
        <test-method status="PASS" signature="tickerProduct_getPriceForListedCompanies_Sector_Parameterized()[pri:3, instance:com.qa.tests.FinologyTickerTest@1af05b03]" name="tickerProduct_getPriceForListedCompanies_Sector_Parameterized" duration-ms="20280" started-at="2022-04-07T19:59:29 CDT" finished-at="2022-04-07T19:59:50 CDT">
          <reporter-output>
          </reporter-output>
        </test-method> <!-- tickerProduct_getPriceForListedCompanies_Sector_Parameterized -->
        <test-method status="PASS" signature="tearDown()[pri:0, instance:com.qa.tests.FinologyTickerTest@1af05b03]" name="tearDown" is-config="true" duration-ms="500" started-at="2022-04-07T19:59:50 CDT" finished-at="2022-04-07T19:59:50 CDT">
          <reporter-output>
          </reporter-output>
        </test-method> <!-- tearDown -->
      </class> <!-- com.qa.tests.FinologyTickerTest -->
      <class name="com.qa.tests.FinologySelectTest">
        <test-method status="PASS" signature="setUp()[pri:0, instance:com.qa.tests.FinologySelectTest@5987e932]" name="setUp" is-config="true" duration-ms="6934" started-at="2022-04-07T19:59:50 CDT" finished-at="2022-04-07T19:59:57 CDT">
          <reporter-output>
          </reporter-output>
        </test-method> <!-- setUp -->
        <test-method status="PASS" signature="SelectProduct_validateBrokersCount()[pri:0, instance:com.qa.tests.FinologySelectTest@5987e932]" name="SelectProduct_validateBrokersCount" duration-ms="8557" started-at="2022-04-07T19:59:57 CDT" finished-at="2022-04-07T20:00:06 CDT">
          <reporter-output>
          </reporter-output>
        </test-method> <!-- SelectProduct_validateBrokersCount -->
        <test-method status="PASS" signature="tearDown()[pri:0, instance:com.qa.tests.FinologySelectTest@5987e932]" name="tearDown" is-config="true" duration-ms="676" started-at="2022-04-07T20:00:06 CDT" finished-at="2022-04-07T20:00:06 CDT">
          <reporter-output>
          </reporter-output>
        </test-method> <!-- tearDown -->
        <test-method status="PASS" signature="setUp()[pri:0, instance:com.qa.tests.FinologySelectTest@5987e932]" name="setUp" is-config="true" duration-ms="4829" started-at="2022-04-07T20:00:06 CDT" finished-at="2022-04-07T20:00:11 CDT">
          <reporter-output>
          </reporter-output>
        </test-method> <!-- setUp -->
        <test-method status="PASS" signature="SelectProduct_validateSelectLogo()[pri:1, instance:com.qa.tests.FinologySelectTest@5987e932]" name="SelectProduct_validateSelectLogo" duration-ms="4157" started-at="2022-04-07T20:00:11 CDT" finished-at="2022-04-07T20:00:15 CDT">
          <reporter-output>
          </reporter-output>
        </test-method> <!-- SelectProduct_validateSelectLogo -->
        <test-method status="PASS" signature="tearDown()[pri:0, instance:com.qa.tests.FinologySelectTest@5987e932]" name="tearDown" is-config="true" duration-ms="816" started-at="2022-04-07T20:00:15 CDT" finished-at="2022-04-07T20:00:16 CDT">
          <reporter-output>
          </reporter-output>
        </test-method> <!-- tearDown -->
        <test-method status="PASS" signature="setUp()[pri:0, instance:com.qa.tests.FinologySelectTest@5987e932]" name="setUp" is-config="true" duration-ms="4733" started-at="2022-04-07T20:00:18 CDT" finished-at="2022-04-07T20:00:23 CDT">
          <reporter-output>
          </reporter-output>
        </test-method> <!-- setUp -->
        <test-method status="PASS" signature="validateBrokerageRateAndAmount_Calculators(java.lang.String, java.lang.String, java.lang.String, java.lang.String)[pri:2, instance:com.qa.tests.FinologySelectTest@5987e932]" name="validateBrokerageRateAndAmount_Calculators" duration-ms="10074" started-at="2022-04-07T20:00:23 CDT" data-provider="Calculator_ICICI" finished-at="2022-04-07T20:00:33 CDT">
          <params>
            <param index="0">
              <value>
                <![CDATA[ICICIDirect Neo]]>
              </value>
            </param>
            <param index="1">
              <value>
                <![CDATA[150]]>
              </value>
            </param>
            <param index="2">
              <value>
                <![CDATA[12]]>
              </value>
            </param>
            <param index="3">
              <value>
                <![CDATA[0.55]]>
              </value>
            </param>
          </params>
          <reporter-output>
          </reporter-output>
        </test-method> <!-- validateBrokerageRateAndAmount_Calculators -->
        <test-method status="PASS" signature="tearDown()[pri:0, instance:com.qa.tests.FinologySelectTest@5987e932]" name="tearDown" is-config="true" duration-ms="4140" started-at="2022-04-07T20:00:33 CDT" finished-at="2022-04-07T20:00:37 CDT">
          <reporter-output>
          </reporter-output>
        </test-method> <!-- tearDown -->
        <test-method status="PASS" signature="setUp()[pri:0, instance:com.qa.tests.FinologySelectTest@5987e932]" name="setUp" is-config="true" duration-ms="4279" started-at="2022-04-07T20:00:37 CDT" finished-at="2022-04-07T20:00:42 CDT">
          <reporter-output>
          </reporter-output>
        </test-method> <!-- setUp -->
        <test-method status="PASS" signature="validateBrokerageRateAndAmount_Calculators(java.lang.String, java.lang.String, java.lang.String, java.lang.String)[pri:2, instance:com.qa.tests.FinologySelectTest@5987e932]" name="validateBrokerageRateAndAmount_Calculators" duration-ms="12095" started-at="2022-04-07T20:00:42 CDT" data-provider="Calculator_ICICI" finished-at="2022-04-07T20:00:54 CDT">
          <params>
            <param index="0">
              <value>
                <![CDATA[Prime 1]]>
              </value>
            </param>
            <param index="1">
              <value>
                <![CDATA[250]]>
              </value>
            </param>
            <param index="2">
              <value>
                <![CDATA[200]]>
              </value>
            </param>
            <param index="3">
              <value>
                <![CDATA[0.27]]>
              </value>
            </param>
          </params>
          <reporter-output>
          </reporter-output>
        </test-method> <!-- validateBrokerageRateAndAmount_Calculators -->
        <test-method status="PASS" signature="tearDown()[pri:0, instance:com.qa.tests.FinologySelectTest@5987e932]" name="tearDown" is-config="true" duration-ms="4161" started-at="2022-04-07T20:00:54 CDT" finished-at="2022-04-07T20:00:58 CDT">
          <reporter-output>
          </reporter-output>
        </test-method> <!-- tearDown -->
        <test-method status="PASS" signature="setUp()[pri:0, instance:com.qa.tests.FinologySelectTest@5987e932]" name="setUp" is-config="true" duration-ms="3896" started-at="2022-04-07T20:00:58 CDT" finished-at="2022-04-07T20:01:02 CDT">
          <reporter-output>
          </reporter-output>
        </test-method> <!-- setUp -->
        <test-method status="PASS" signature="validateBrokerageRateAndAmount_Calculators(java.lang.String, java.lang.String, java.lang.String, java.lang.String)[pri:2, instance:com.qa.tests.FinologySelectTest@5987e932]" name="validateBrokerageRateAndAmount_Calculators" duration-ms="10847" started-at="2022-04-07T20:01:02 CDT" data-provider="Calculator_ICICI" finished-at="2022-04-07T20:01:13 CDT">
          <params>
            <param index="0">
              <value>
                <![CDATA[Prepaid]]>
              </value>
            </param>
            <param index="1">
              <value>
                <![CDATA[300]]>
              </value>
            </param>
            <param index="2">
              <value>
                <![CDATA[220]]>
              </value>
            </param>
            <param index="3">
              <value>
                <![CDATA[0.25]]>
              </value>
            </param>
          </params>
          <reporter-output>
          </reporter-output>
        </test-method> <!-- validateBrokerageRateAndAmount_Calculators -->
        <test-method status="PASS" signature="tearDown()[pri:0, instance:com.qa.tests.FinologySelectTest@5987e932]" name="tearDown" is-config="true" duration-ms="4099" started-at="2022-04-07T20:01:13 CDT" finished-at="2022-04-07T20:01:17 CDT">
          <reporter-output>
          </reporter-output>
        </test-method> <!-- tearDown -->
        <test-method status="PASS" signature="setUp()[pri:0, instance:com.qa.tests.FinologySelectTest@5987e932]" name="setUp" is-config="true" duration-ms="4215" started-at="2022-04-07T20:01:17 CDT" finished-at="2022-04-07T20:01:21 CDT">
          <reporter-output>
          </reporter-output>
        </test-method> <!-- setUp -->
        <test-method status="PASS" signature="validateBrokerageRateAndAmount_Calculators(java.lang.String, java.lang.String, java.lang.String, java.lang.String)[pri:2, instance:com.qa.tests.FinologySelectTest@5987e932]" name="validateBrokerageRateAndAmount_Calculators" duration-ms="11928" started-at="2022-04-07T20:01:21 CDT" data-provider="Calculator_ICICI" finished-at="2022-04-07T20:01:33 CDT">
          <params>
            <param index="0">
              <value>
                <![CDATA[Prime 4]]>
              </value>
            </param>
            <param index="1">
              <value>
                <![CDATA[120]]>
              </value>
            </param>
            <param index="2">
              <value>
                <![CDATA[300]]>
              </value>
            </param>
            <param index="3">
              <value>
                <![CDATA[0.15]]>
              </value>
            </param>
          </params>
          <reporter-output>
          </reporter-output>
        </test-method> <!-- validateBrokerageRateAndAmount_Calculators -->
        <test-method status="PASS" signature="tearDown()[pri:0, instance:com.qa.tests.FinologySelectTest@5987e932]" name="tearDown" is-config="true" duration-ms="4124" started-at="2022-04-07T20:01:33 CDT" finished-at="2022-04-07T20:01:37 CDT">
          <reporter-output>
          </reporter-output>
        </test-method> <!-- tearDown -->
      </class> <!-- com.qa.tests.FinologySelectTest -->
    </test> <!-- App2Test -->
  </suite> <!-- TestSuite -->
</testng-results>
