<?xml version="1.0" encoding="UTF-8"?>
<testng-results skipped="0" failed="0" ignored="7" total="10" passed="3">
  <reporter-output>
  </reporter-output>
  <suite name="Default suite" duration-ms="45292" started-at="2022-03-16T08:51:27 CDT" finished-at="2022-03-16T08:52:13 CDT">
    <groups>
    </groups>
    <test name="Default test" duration-ms="45292" started-at="2022-03-16T08:51:27 CDT" finished-at="2022-03-16T08:52:13 CDT">
      <class name="com.qa.tests.FinologyLoginTest">
        <test-method status="PASS" signature="setUp()[pri:0, instance:com.qa.tests.FinologyLoginTest@4d49af10]" name="setUp" is-config="true" duration-ms="7085" started-at="2022-03-16T08:51:27 CDT" finished-at="2022-03-16T08:51:34 CDT">
          <reporter-output>
          </reporter-output>
        </test-method> <!-- setUp -->
        <test-method status="PASS" signature="finologyLoginByEmail_InvalidEmail__EmailTest(java.lang.String, java.lang.String, java.lang.String)[pri:0, instance:com.qa.tests.FinologyLoginTest@4d49af10]" name="finologyLoginByEmail_InvalidEmail__EmailTest" duration-ms="4703" started-at="2022-03-16T08:51:34 CDT" data-provider="invalidCredentials" finished-at="2022-03-16T08:51:39 CDT">
          <params>
            <param index="0">
              <value>
                <![CDATA[anvardhan552@gmail.com]]>
              </value>
            </param>
            <param index="1">
              <value>
                <![CDATA[Pnbe@305]]>
              </value>
            </param>
            <param index="2">
              <value>
                <![CDATA[iteration1]]>
              </value>
            </param>
          </params>
          <reporter-output>
          </reporter-output>
        </test-method> <!-- finologyLoginByEmail_InvalidEmail__EmailTest -->
        <test-method status="PASS" signature="tearDown()[pri:0, instance:com.qa.tests.FinologyLoginTest@4d49af10]" name="tearDown" is-config="true" duration-ms="4153" started-at="2022-03-16T08:51:39 CDT" finished-at="2022-03-16T08:51:43 CDT">
          <reporter-output>
          </reporter-output>
        </test-method> <!-- tearDown -->
        <test-method status="PASS" signature="setUp()[pri:0, instance:com.qa.tests.FinologyLoginTest@4d49af10]" name="setUp" is-config="true" duration-ms="4714" started-at="2022-03-16T08:51:43 CDT" finished-at="2022-03-16T08:51:48 CDT">
          <reporter-output>
          </reporter-output>
        </test-method> <!-- setUp -->
        <test-method status="PASS" signature="finologyLoginByEmail_InvalidEmail__EmailTest(java.lang.String, java.lang.String, java.lang.String)[pri:0, instance:com.qa.tests.FinologyLoginTest@4d49af10]" name="finologyLoginByEmail_InvalidEmail__EmailTest" duration-ms="5009" started-at="2022-03-16T08:51:48 CDT" data-provider="invalidCredentials" finished-at="2022-03-16T08:51:53 CDT">
          <params>
            <param index="0">
              <value>
                <![CDATA[test12]]>
              </value>
            </param>
            <param index="1">
              <value>
                <![CDATA[Pnbe@305]]>
              </value>
            </param>
            <param index="2">
              <value>
                <![CDATA[iteration2]]>
              </value>
            </param>
          </params>
          <reporter-output>
          </reporter-output>
        </test-method> <!-- finologyLoginByEmail_InvalidEmail__EmailTest -->
        <test-method status="PASS" signature="tearDown()[pri:0, instance:com.qa.tests.FinologyLoginTest@4d49af10]" name="tearDown" is-config="true" duration-ms="4138" started-at="2022-03-16T08:51:53 CDT" finished-at="2022-03-16T08:51:57 CDT">
          <reporter-output>
          </reporter-output>
        </test-method> <!-- tearDown -->
        <test-method status="PASS" signature="setUp()[pri:0, instance:com.qa.tests.FinologyLoginTest@4d49af10]" name="setUp" is-config="true" duration-ms="5405" started-at="2022-03-16T08:51:57 CDT" finished-at="2022-03-16T08:52:03 CDT">
          <reporter-output>
          </reporter-output>
        </test-method> <!-- setUp -->
        <test-method status="PASS" signature="finologyLoginByEmail_InvalidEmail__EmailTest(java.lang.String, java.lang.String, java.lang.String)[pri:0, instance:com.qa.tests.FinologyLoginTest@4d49af10]" name="finologyLoginByEmail_InvalidEmail__EmailTest" duration-ms="5488" started-at="2022-03-16T08:52:03 CDT" data-provider="invalidCredentials" finished-at="2022-03-16T08:52:08 CDT">
          <params>
            <param index="0">
              <value>
                <![CDATA[anvardhan551gmail.com]]>
              </value>
            </param>
            <param index="1">
              <value>
                <![CDATA[Pnbe@305]]>
              </value>
            </param>
            <param index="2">
              <value>
                <![CDATA[iteration1]]>
              </value>
            </param>
          </params>
          <reporter-output>
          </reporter-output>
        </test-method> <!-- finologyLoginByEmail_InvalidEmail__EmailTest -->
        <test-method status="PASS" signature="tearDown()[pri:0, instance:com.qa.tests.FinologyLoginTest@4d49af10]" name="tearDown" is-config="true" duration-ms="4518" started-at="2022-03-16T08:52:08 CDT" finished-at="2022-03-16T08:52:13 CDT">
          <reporter-output>
          </reporter-output>
        </test-method> <!-- tearDown -->
      </class> <!-- com.qa.tests.FinologyLoginTest -->
    </test> <!-- Default test -->
  </suite> <!-- Default suite -->
</testng-results>
